2017-01-18 11:32:51.060 INFO  (main) [   ] o.e.j.u.log Logging initialized @465ms
2017-01-18 11:32:51.340 INFO  (main) [   ] o.e.j.s.Server jetty-9.2.13.v20150730
2017-01-18 11:32:51.358 WARN  (main) [   ] o.e.j.s.h.RequestLogHandler !RequestLog
2017-01-18 11:32:51.360 INFO  (main) [   ] o.e.j.d.p.ScanningAppProvider Deployment monitor [file:/Users/Akhyansh/Desktop/json-django-solr/django_json_solr/solr-5.4.0/server/contexts/] at interval 0
2017-01-18 11:32:52.344 INFO  (main) [   ] o.e.j.w.StandardDescriptorProcessor NO JSP Support for /solr, did not find org.apache.jasper.servlet.JspServlet
2017-01-18 11:32:52.358 WARN  (main) [   ] o.e.j.s.SecurityHandler ServletContext@o.e.j.w.WebAppContext@4dfa3a9d{/solr,file:/Users/Akhyansh/Desktop/json-django-solr/django_json_solr/solr-5.4.0/server/solr-webapp/webapp/,STARTING}{/Users/Akhyansh/Desktop/json-django-solr/django_json_solr/solr-5.4.0/server/solr-webapp/webapp} has uncovered http methods for path: /
2017-01-18 11:32:52.404 INFO  (main) [   ] o.a.s.s.SolrDispatchFilter SolrDispatchFilter.init(): WebAppClassLoader=1596000437@5f2108b5
2017-01-18 11:32:52.502 INFO  (main) [   ] o.a.s.c.SolrResourceLoader JNDI not configured for solr (NoInitialContextEx)
2017-01-18 11:32:52.503 INFO  (main) [   ] o.a.s.c.SolrResourceLoader using system property solr.solr.home: /Users/Akhyansh/Desktop/json-django-solr/django_json_solr/solr-5.4.0/server/solr
2017-01-18 11:32:52.504 INFO  (main) [   ] o.a.s.c.SolrResourceLoader new SolrResourceLoader for directory: '/Users/Akhyansh/Desktop/json-django-solr/django_json_solr/solr-5.4.0/server/solr'
2017-01-18 11:32:52.504 INFO  (main) [   ] o.a.s.c.SolrResourceLoader JNDI not configured for solr (NoInitialContextEx)
2017-01-18 11:32:52.504 INFO  (main) [   ] o.a.s.c.SolrResourceLoader using system property solr.solr.home: /Users/Akhyansh/Desktop/json-django-solr/django_json_solr/solr-5.4.0/server/solr
2017-01-18 11:32:52.510 INFO  (main) [   ] o.a.s.c.SolrXmlConfig Loading container configuration from /Users/Akhyansh/Desktop/json-django-solr/django_json_solr/solr-5.4.0/server/solr/solr.xml
2017-01-18 11:32:52.748 INFO  (main) [   ] o.a.s.c.CorePropertiesLocator Config-defined core root directory: /Users/Akhyansh/Desktop/json-django-solr/django_json_solr/solr-5.4.0/server/solr
2017-01-18 11:32:52.841 INFO  (main) [   ] o.a.s.c.CoreContainer New CoreContainer 943081537
2017-01-18 11:32:52.842 INFO  (main) [   ] o.a.s.c.CoreContainer Loading cores into CoreContainer [instanceDir=/Users/Akhyansh/Desktop/json-django-solr/django_json_solr/solr-5.4.0/server/solr]
2017-01-18 11:32:52.843 WARN  (main) [   ] o.a.s.c.CoreContainer Couldn't add files from /Users/Akhyansh/Desktop/json-django-solr/django_json_solr/solr-5.4.0/server/solr/lib to classpath: /Users/Akhyansh/Desktop/json-django-solr/django_json_solr/solr-5.4.0/server/solr/lib
2017-01-18 11:32:52.862 INFO  (main) [   ] o.a.s.h.c.HttpShardHandlerFactory created with socketTimeout : 600000,connTimeout : 60000,maxConnectionsPerHost : 20,maxConnections : 10000,corePoolSize : 0,maximumPoolSize : 2147483647,maxThreadIdleTime : 5,sizeOfQueue : -1,fairnessPolicy : false,useRetries : false,
2017-01-18 11:32:53.228 INFO  (main) [   ] o.a.s.u.UpdateShardHandler Creating UpdateShardHandler HTTP client with params: socketTimeout=600000&connTimeout=60000&retry=true
2017-01-18 11:32:53.242 INFO  (main) [   ] o.a.s.l.LogWatcher SLF4J impl is org.slf4j.impl.Log4jLoggerFactory
2017-01-18 11:32:53.243 INFO  (main) [   ] o.a.s.l.LogWatcher Registering Log Listener [Log4j (org.slf4j.impl.Log4jLoggerFactory)]
2017-01-18 11:32:53.245 INFO  (main) [   ] o.a.s.c.CoreContainer Security conf doesn't exist. Skipping setup for authorization module.
2017-01-18 11:32:53.245 INFO  (main) [   ] o.a.s.c.CoreContainer No authentication plugin used.
2017-01-18 11:32:53.413 INFO  (main) [   ] o.a.s.c.CorePropertiesLocator Looking for core definitions underneath /Users/Akhyansh/Desktop/json-django-solr/django_json_solr/solr-5.4.0/server/solr
2017-01-18 11:32:53.476 INFO  (main) [   ] o.a.s.c.CoreDescriptor Created CoreDescriptor: {name=fastnext, config=solrconfig.xml, transient=false, schema=schema.xml, loadOnStartup=true, configSetProperties=configsetprops.json, instanceDir=/Users/Akhyansh/Desktop/json-django-solr/django_json_solr/solr-5.4.0/server/solr/fastnext, absoluteInstDir=/Users/Akhyansh/Desktop/json-django-solr/django_json_solr/solr-5.4.0/server/solr/fastnext/, dataDir=data}
2017-01-18 11:32:53.476 INFO  (main) [   ] o.a.s.c.CorePropertiesLocator Found core fastnext in /Users/Akhyansh/Desktop/json-django-solr/django_json_solr/solr-5.4.0/server/solr/fastnext/
2017-01-18 11:32:53.476 INFO  (main) [   ] o.a.s.c.CorePropertiesLocator Found 1 core definitions
2017-01-18 11:32:53.481 INFO  (coreLoadExecutor-6-thread-1) [   ] o.a.s.c.SolrResourceLoader new SolrResourceLoader for directory: '/Users/Akhyansh/Desktop/json-django-solr/django_json_solr/solr-5.4.0/server/solr/fastnext'
2017-01-18 11:32:53.481 INFO  (main) [   ] o.a.s.s.SolrDispatchFilter user.dir=/Users/Akhyansh/Desktop/json-django-solr/django_json_solr/solr-5.4.0/server
2017-01-18 11:32:53.482 INFO  (coreLoadExecutor-6-thread-1) [   ] o.a.s.c.SolrResourceLoader JNDI not configured for solr (NoInitialContextEx)
2017-01-18 11:32:53.482 INFO  (main) [   ] o.a.s.s.SolrDispatchFilter SolrDispatchFilter.init() done
2017-01-18 11:32:53.482 INFO  (coreLoadExecutor-6-thread-1) [   ] o.a.s.c.SolrResourceLoader using system property solr.solr.home: /Users/Akhyansh/Desktop/json-django-solr/django_json_solr/solr-5.4.0/server/solr
2017-01-18 11:32:53.523 INFO  (main) [   ] o.e.j.s.h.ContextHandler Started o.e.j.w.WebAppContext@4dfa3a9d{/solr,file:/Users/Akhyansh/Desktop/json-django-solr/django_json_solr/solr-5.4.0/server/solr-webapp/webapp/,AVAILABLE}{/Users/Akhyansh/Desktop/json-django-solr/django_json_solr/solr-5.4.0/server/solr-webapp/webapp}
2017-01-18 11:32:53.542 INFO  (main) [   ] o.e.j.s.ServerConnector Started ServerConnector@6dc17b83{HTTP/1.1}{0.0.0.0:8983}
2017-01-18 11:32:53.543 INFO  (main) [   ] o.e.j.s.Server Started @2950ms
2017-01-18 11:32:53.586 INFO  (coreLoadExecutor-6-thread-1) [   ] o.a.s.c.SolrConfig current version of requestparams : -1
2017-01-18 11:32:53.588 INFO  (coreLoadExecutor-6-thread-1) [   ] o.a.s.c.SolrConfig Adding specified lib dirs to ClassLoader
2017-01-18 11:32:53.627 INFO  (coreLoadExecutor-6-thread-1) [   ] o.a.s.c.SolrResourceLoader Adding 'file:/Users/Akhyansh/Desktop/json-django-solr/django_json_solr/solr-5.4.0/contrib/clustering/lib/attributes-binder-1.2.3.jar' to classloader
2017-01-18 11:32:53.627 INFO  (coreLoadExecutor-6-thread-1) [   ] o.a.s.c.SolrResourceLoader Adding 'file:/Users/Akhyansh/Desktop/json-django-solr/django_json_solr/solr-5.4.0/contrib/clustering/lib/carrot2-guava-18.0.jar' to classloader
2017-01-18 11:32:53.627 INFO  (coreLoadExecutor-6-thread-1) [   ] o.a.s.c.SolrResourceLoader Adding 'file:/Users/Akhyansh/Desktop/json-django-solr/django_json_solr/solr-5.4.0/contrib/clustering/lib/carrot2-mini-3.10.4.jar' to classloader
2017-01-18 11:32:53.627 INFO  (coreLoadExecutor-6-thread-1) [   ] o.a.s.c.SolrResourceLoader Adding 'file:/Users/Akhyansh/Desktop/json-django-solr/django_json_solr/solr-5.4.0/contrib/clustering/lib/jackson-annotations-2.5.4.jar' to classloader
2017-01-18 11:32:53.627 INFO  (coreLoadExecutor-6-thread-1) [   ] o.a.s.c.SolrResourceLoader Adding 'file:/Users/Akhyansh/Desktop/json-django-solr/django_json_solr/solr-5.4.0/contrib/clustering/lib/jackson-databind-2.5.4.jar' to classloader
2017-01-18 11:32:53.627 INFO  (coreLoadExecutor-6-thread-1) [   ] o.a.s.c.SolrResourceLoader Adding 'file:/Users/Akhyansh/Desktop/json-django-solr/django_json_solr/solr-5.4.0/contrib/clustering/lib/mahout-collections-1.0.jar' to classloader
2017-01-18 11:32:53.627 INFO  (coreLoadExecutor-6-thread-1) [   ] o.a.s.c.SolrResourceLoader Adding 'file:/Users/Akhyansh/Desktop/json-django-solr/django_json_solr/solr-5.4.0/contrib/clustering/lib/mahout-math-0.6.jar' to classloader
2017-01-18 11:32:53.627 INFO  (coreLoadExecutor-6-thread-1) [   ] o.a.s.c.SolrResourceLoader Adding 'file:/Users/Akhyansh/Desktop/json-django-solr/django_json_solr/solr-5.4.0/contrib/clustering/lib/simple-xml-2.7.1.jar' to classloader
2017-01-18 11:32:53.628 INFO  (coreLoadExecutor-6-thread-1) [   ] o.a.s.c.SolrResourceLoader Adding 'file:/Users/Akhyansh/Desktop/json-django-solr/django_json_solr/solr-5.4.0/dist/solr-clustering-5.4.0.jar' to classloader
2017-01-18 11:32:54.238 INFO  (coreLoadExecutor-6-thread-1) [   ] o.a.s.u.SolrIndexConfig IndexWriter infoStream solr logging is enabled
2017-01-18 11:32:54.246 INFO  (coreLoadExecutor-6-thread-1) [   ] o.a.s.c.SolrConfig Using Lucene MatchVersion: 5.4.0
2017-01-18 11:32:54.385 INFO  (coreLoadExecutor-6-thread-1) [   ] o.a.s.c.SolrConfig Loaded SolrConfig: solrconfig.xml
2017-01-18 11:32:54.428 INFO  (coreLoadExecutor-6-thread-1) [   ] o.a.s.s.IndexSchema [fastnext] Schema name=default
2017-01-18 11:32:54.674 INFO  (coreLoadExecutor-6-thread-1) [   ] o.a.s.s.IndexSchema default search field in schema is text
2017-01-18 11:32:54.675 INFO  (coreLoadExecutor-6-thread-1) [   ] o.a.s.s.IndexSchema query parser default operator is AND
2017-01-18 11:32:54.675 INFO  (coreLoadExecutor-6-thread-1) [   ] o.a.s.s.IndexSchema unique key field: id
2017-01-18 11:32:54.821 INFO  (coreLoadExecutor-6-thread-1) [   ] o.a.s.c.ConfigSetProperties Did not find ConfigSet properties, assuming default properties: Can't find resource 'configsetprops.json' in classpath or '/Users/Akhyansh/Desktop/json-django-solr/django_json_solr/solr-5.4.0/server/solr/fastnext'
2017-01-18 11:32:54.822 INFO  (coreLoadExecutor-6-thread-1) [   ] o.a.s.c.CoreContainer Creating SolrCore 'fastnext' using configuration from instancedir /Users/Akhyansh/Desktop/json-django-solr/django_json_solr/solr-5.4.0/server/solr/fastnext
2017-01-18 11:32:54.892 INFO  (coreLoadExecutor-6-thread-1) [   x:fastnext] o.a.s.c.SolrCore solr.NRTCachingDirectoryFactory
2017-01-18 11:32:54.925 INFO  (coreLoadExecutor-6-thread-1) [   x:fastnext] o.a.s.c.SolrCore [[fastnext] ] Opening new SolrCore at [/Users/Akhyansh/Desktop/json-django-solr/django_json_solr/solr-5.4.0/server/solr/fastnext], dataDir=[null]
2017-01-18 11:32:54.930 INFO  (coreLoadExecutor-6-thread-1) [   x:fastnext] o.a.s.c.JmxMonitoredMap No JMX servers found, not exposing Solr information with JMX.
2017-01-18 11:32:54.996 INFO  (coreLoadExecutor-6-thread-1) [   x:fastnext] o.a.s.c.CachingDirectoryFactory return new directory for /Users/Akhyansh/Desktop/json-django-solr/django_json_solr/solr-5.4.0/server/solr/fastnext/data
2017-01-18 11:32:54.997 INFO  (coreLoadExecutor-6-thread-1) [   x:fastnext] o.a.s.c.SolrCore New index directory detected: old=null new=/Users/Akhyansh/Desktop/json-django-solr/django_json_solr/solr-5.4.0/server/solr/fastnext/data/index/
2017-01-18 11:32:54.997 INFO  (coreLoadExecutor-6-thread-1) [   x:fastnext] o.a.s.c.CachingDirectoryFactory return new directory for /Users/Akhyansh/Desktop/json-django-solr/django_json_solr/solr-5.4.0/server/solr/fastnext/data/index
2017-01-18 11:32:55.012 INFO  (OldIndexDirectoryCleanupThreadForCore-fastnext) [   x:fastnext] o.a.s.c.SolrCore Looking for old index directories to cleanup for core fastnext in /Users/Akhyansh/Desktop/json-django-solr/django_json_solr/solr-5.4.0/server/solr/fastnext/data/
2017-01-18 11:32:55.200 INFO  (coreLoadExecutor-6-thread-1) [   x:fastnext] o.a.s.c.SolrCore no updateRequestProcessorChain defined as default, creating implicit default
2017-01-18 11:32:55.270 INFO  (coreLoadExecutor-6-thread-1) [   x:fastnext] o.a.s.h.l.XMLLoader xsltCacheLifetimeSeconds=60
2017-01-18 11:32:55.276 INFO  (coreLoadExecutor-6-thread-1) [   x:fastnext] o.a.s.h.l.XMLLoader xsltCacheLifetimeSeconds=60
2017-01-18 11:32:55.277 INFO  (coreLoadExecutor-6-thread-1) [   x:fastnext] o.a.s.h.l.XMLLoader xsltCacheLifetimeSeconds=60
2017-01-18 11:32:55.278 INFO  (coreLoadExecutor-6-thread-1) [   x:fastnext] o.a.s.h.l.XMLLoader xsltCacheLifetimeSeconds=60
2017-01-18 11:32:55.291 INFO  (coreLoadExecutor-6-thread-1) [   x:fastnext] o.a.s.c.PluginBag requestHandler : '/analysis/field' created with startup=lazy 
2017-01-18 11:32:55.291 INFO  (coreLoadExecutor-6-thread-1) [   x:fastnext] o.a.s.c.PluginBag requestHandler : '/analysis/document' created with startup=lazy 
2017-01-18 11:32:55.293 INFO  (coreLoadExecutor-6-thread-1) [   x:fastnext] o.a.s.c.PluginBag requestHandler : '/terms' created with startup=lazy 
2017-01-18 11:32:55.293 INFO  (coreLoadExecutor-6-thread-1) [   x:fastnext] o.a.s.c.RequestHandlers Registered paths: /admin/mbeans,/update/json/docs,/admin/luke,/export,/get,/admin/properties,/clustering,/update/json,/admin/threads,/query,/analysis/field,/analysis/document,/update/csv,/select,/admin/segments,/admin/system,/replication,/config,/schema,/admin/plugins,/admin/logging,/admin/ping,/update,/admin/file,/debug/dump,/terms
2017-01-18 11:32:55.294 INFO  (coreLoadExecutor-6-thread-1) [   x:fastnext] o.a.s.c.SolrCore Using default statsCache cache: org.apache.solr.search.stats.LocalStatsCache
2017-01-18 11:32:55.322 INFO  (coreLoadExecutor-6-thread-1) [   x:fastnext] o.a.s.u.UpdateHandler Using UpdateLog implementation: org.apache.solr.update.UpdateLog
2017-01-18 11:32:55.323 INFO  (coreLoadExecutor-6-thread-1) [   x:fastnext] o.a.s.u.UpdateLog Initializing UpdateLog: dataDir= defaultSyncLevel=FLUSH numRecordsToKeep=100 maxNumLogsToKeep=10 numVersionBuckets=65536
2017-01-18 11:32:55.485 INFO  (coreLoadExecutor-6-thread-1) [   x:fastnext] o.a.s.u.CommitTracker Hard AutoCommit: if uncommited for 15000ms; 
2017-01-18 11:32:55.485 INFO  (coreLoadExecutor-6-thread-1) [   x:fastnext] o.a.s.u.CommitTracker Soft AutoCommit: disabled
2017-01-18 11:32:55.571 INFO  (coreLoadExecutor-6-thread-1) [   x:fastnext] o.a.s.c.SolrDeletionPolicy SolrDeletionPolicy.onInit: commits: num=1
	commit{dir=NRTCachingDirectory(MMapDirectory@/Users/Akhyansh/Desktop/json-django-solr/django_json_solr/solr-5.4.0/server/solr/fastnext/data/index lockFactory=org.apache.lucene.store.NativeFSLockFactory@46f62226; maxCacheMB=48.0 maxMergeSizeMB=4.0),segFN=segments_bp,generation=421}
2017-01-18 11:32:55.571 INFO  (coreLoadExecutor-6-thread-1) [   x:fastnext] o.a.s.c.SolrDeletionPolicy newest commit generation = 421
2017-01-18 11:32:55.654 INFO  (coreLoadExecutor-6-thread-1) [   x:fastnext] o.a.s.s.SolrIndexSearcher Opening Searcher@3a8a1fa4[fastnext] main
2017-01-18 11:32:55.691 WARN  (coreLoadExecutor-6-thread-1) [   x:fastnext] o.a.s.r.ManagedResourceStorage Cannot write to config directory /Users/Akhyansh/Desktop/json-django-solr/django_json_solr/solr-5.4.0/server/solr/fastnext/conf; switching to use InMemory storage instead.
2017-01-18 11:32:55.692 INFO  (coreLoadExecutor-6-thread-1) [   x:fastnext] o.a.s.r.RestManager Initializing RestManager with initArgs: {}
2017-01-18 11:32:55.719 INFO  (coreLoadExecutor-6-thread-1) [   x:fastnext] o.a.s.r.ManagedResourceStorage Reading _rest_managed.json using InMemoryStorage
2017-01-18 11:32:55.719 INFO  (coreLoadExecutor-6-thread-1) [   x:fastnext] o.a.s.r.RestManager Initializing 0 registered ManagedResources
2017-01-18 11:32:55.759 INFO  (coreLoadExecutor-6-thread-1) [   x:fastnext] o.a.s.h.c.ClusteringComponent Initializing Clustering Engines
2017-01-18 11:32:55.868 INFO  (coreLoadExecutor-6-thread-1) [   x:fastnext] o.a.s.h.c.c.CarrotClusteringEngine Initializing Clustering Engine 'lingo'
2017-01-18 11:32:55.882 INFO  (coreLoadExecutor-6-thread-1) [   x:fastnext] o.a.s.h.c.ClusteringComponent Default engine for search results clustering: lingo [CarrotClusteringEngine]
2017-01-18 11:32:55.882 WARN  (coreLoadExecutor-6-thread-1) [   x:fastnext] o.a.s.h.c.ClusteringComponent No default engine for document clustering.
2017-01-18 11:32:55.882 INFO  (coreLoadExecutor-6-thread-1) [   x:fastnext] o.a.s.h.c.ClusteringComponent Finished Initializing Clustering Engines
2017-01-18 11:32:55.899 INFO  (coreLoadExecutor-6-thread-1) [   x:fastnext] o.a.s.h.ReplicationHandler Commits will be reserved for  10000
2017-01-18 11:32:55.901 INFO  (searcherExecutor-7-thread-1-processing-x:fastnext) [   x:fastnext] o.a.s.c.SolrCore [fastnext] Registered new searcher Searcher@3a8a1fa4[fastnext] main{ExitableDirectoryReader(UninvertingDirectoryReader(Uninverting(_cu(5.4.0):C2)))}
2017-01-18 11:32:55.902 INFO  (coreLoadExecutor-6-thread-1) [   x:fastnext] o.a.s.u.UpdateLog Looking up max value of version field to seed version buckets
2017-01-18 11:32:55.907 INFO  (coreLoadExecutor-6-thread-1) [   x:fastnext] o.a.s.u.VersionInfo Refreshing highest value of _version_ for 65536 version buckets from index
2017-01-18 11:32:55.939 INFO  (coreLoadExecutor-6-thread-1) [   x:fastnext] o.a.s.u.VersionInfo Found MAX value 1556861809208590336 from Terms for _version_ in index
2017-01-18 11:32:55.944 INFO  (coreLoadExecutor-6-thread-1) [   x:fastnext] o.a.s.u.UpdateLog Took 41.0ms to seed version buckets with highest version 1556861809208590336
2017-01-18 11:32:55.945 INFO  (coreLoadExecutor-6-thread-1) [   x:fastnext] o.a.s.c.CoreContainer registering core: fastnext
2017-01-18 11:33:01.566 INFO  (qtp434176574-15) [   x:fastnext] o.a.s.c.S.Request [fastnext] webapp=/solr path=/select params={q=blah&start=0&rows=200&wt=json} hits=1 status=0 QTime=128 
2017-01-18 11:33:13.952 INFO  (qtp434176574-21) [   x:fastnext] o.a.s.c.S.Request [fastnext] webapp=/solr path=/select params={q=blah1&start=0&rows=200&wt=json} hits=1 status=0 QTime=1 
