WARNING: System properties and/or JVM args set.  Consider using --dry-run or --exec
0    INFO  (main) [   ] o.e.j.u.log Logging initialized @717ms
537  INFO  (main) [   ] o.e.j.s.Server jetty-9.2.13.v20150730
569  WARN  (main) [   ] o.e.j.s.h.RequestLogHandler !RequestLog
572  INFO  (main) [   ] o.e.j.d.p.ScanningAppProvider Deployment monitor [file:/home/ubuntu/quablsource/solr-5.4.0/server/contexts/] at interval 0
1957 INFO  (main) [   ] o.e.j.w.StandardDescriptorProcessor NO JSP Support for /solr, did not find org.apache.jasper.servlet.JspServlet
2022 WARN  (main) [   ] o.e.j.s.SecurityHandler ServletContext@o.e.j.w.WebAppContext@4758af63{/solr,file:/home/ubuntu/quablsource/solr-5.4.0/server/solr-webapp/webapp/,STARTING}{/home/ubuntu/quablsource/solr-5.4.0/server/solr-webapp/webapp} has uncovered http methods for path: /
2063 INFO  (main) [   ] o.a.s.s.SolrDispatchFilter SolrDispatchFilter.init(): WebAppClassLoader=569447711@21f1151f
2107 INFO  (main) [   ] o.a.s.c.SolrResourceLoader JNDI not configured for solr (NoInitialContextEx)
2107 INFO  (main) [   ] o.a.s.c.SolrResourceLoader using system property solr.solr.home: /home/ubuntu/quablsource/solr-5.4.0/server/solr
2109 INFO  (main) [   ] o.a.s.c.SolrResourceLoader new SolrResourceLoader for directory: '/home/ubuntu/quablsource/solr-5.4.0/server/solr'
2110 INFO  (main) [   ] o.a.s.c.SolrResourceLoader JNDI not configured for solr (NoInitialContextEx)
2110 INFO  (main) [   ] o.a.s.c.SolrResourceLoader using system property solr.solr.home: /home/ubuntu/quablsource/solr-5.4.0/server/solr
2121 INFO  (main) [   ] o.a.s.c.SolrXmlConfig Loading container configuration from /home/ubuntu/quablsource/solr-5.4.0/server/solr/solr.xml
2270 INFO  (main) [   ] o.a.s.c.CorePropertiesLocator Config-defined core root directory: /home/ubuntu/quablsource/solr-5.4.0/server/solr
2313 INFO  (main) [   ] o.a.s.c.CoreContainer New CoreContainer 1946115452
2313 INFO  (main) [   ] o.a.s.c.CoreContainer Loading cores into CoreContainer [instanceDir=/home/ubuntu/quablsource/solr-5.4.0/server/solr]
2313 WARN  (main) [   ] o.a.s.c.CoreContainer Couldn't add files from /home/ubuntu/quablsource/solr-5.4.0/server/solr/lib to classpath: /home/ubuntu/quablsource/solr-5.4.0/server/solr/lib
2340 INFO  (main) [   ] o.a.s.h.c.HttpShardHandlerFactory created with socketTimeout : 600000,connTimeout : 60000,maxConnectionsPerHost : 20,maxConnections : 10000,corePoolSize : 0,maximumPoolSize : 2147483647,maxThreadIdleTime : 5,sizeOfQueue : -1,fairnessPolicy : false,useRetries : false,
2920 INFO  (main) [   ] o.a.s.u.UpdateShardHandler Creating UpdateShardHandler HTTP client with params: socketTimeout=600000&connTimeout=60000&retry=true
2923 INFO  (main) [   ] o.a.s.l.LogWatcher SLF4J impl is org.slf4j.impl.Log4jLoggerFactory
2923 INFO  (main) [   ] o.a.s.l.LogWatcher Registering Log Listener [Log4j (org.slf4j.impl.Log4jLoggerFactory)]
2925 INFO  (main) [   ] o.a.s.c.CoreContainer Security conf doesn't exist. Skipping setup for authorization module.
2926 INFO  (main) [   ] o.a.s.c.CoreContainer No authentication plugin used.
2991 INFO  (main) [   ] o.a.s.c.CorePropertiesLocator Looking for core definitions underneath /home/ubuntu/quablsource/solr-5.4.0/server/solr
3053 INFO  (main) [   ] o.a.s.c.CoreDescriptor Created CoreDescriptor: {name=fastnext, config=solrconfig.xml, transient=false, schema=schema.xml, loadOnStartup=true, configSetProperties=configsetprops.json, instanceDir=/home/ubuntu/quablsource/solr-5.4.0/server/solr/fastnext, absoluteInstDir=/home/ubuntu/quablsource/solr-5.4.0/server/solr/fastnext/, dataDir=data}
3054 INFO  (main) [   ] o.a.s.c.CorePropertiesLocator Found core fastnext in /home/ubuntu/quablsource/solr-5.4.0/server/solr/fastnext/
3054 INFO  (main) [   ] o.a.s.c.CorePropertiesLocator Found 1 core definitions
3062 INFO  (coreLoadExecutor-6-thread-1) [   ] o.a.s.c.SolrResourceLoader new SolrResourceLoader for directory: '/home/ubuntu/quablsource/solr-5.4.0/server/solr/fastnext'
3062 INFO  (coreLoadExecutor-6-thread-1) [   ] o.a.s.c.SolrResourceLoader JNDI not configured for solr (NoInitialContextEx)
3062 INFO  (coreLoadExecutor-6-thread-1) [   ] o.a.s.c.SolrResourceLoader using system property solr.solr.home: /home/ubuntu/quablsource/solr-5.4.0/server/solr
3069 INFO  (main) [   ] o.a.s.s.SolrDispatchFilter user.dir=/home/ubuntu/quablsource/solr-5.4.0/server
3069 INFO  (main) [   ] o.a.s.s.SolrDispatchFilter SolrDispatchFilter.init() done
3148 INFO  (main) [   ] o.e.j.s.h.ContextHandler Started o.e.j.w.WebAppContext@4758af63{/solr,file:/home/ubuntu/quablsource/solr-5.4.0/server/solr-webapp/webapp/,AVAILABLE}{/home/ubuntu/quablsource/solr-5.4.0/server/solr-webapp/webapp}
3199 INFO  (main) [   ] o.e.j.s.ServerConnector Started ServerConnector@6ff69{HTTP/1.1}{0.0.0.0:8080}
3200 INFO  (main) [   ] o.e.j.s.Server Started @3919ms
3212 INFO  (coreLoadExecutor-6-thread-1) [   ] o.a.s.c.SolrConfig current version of requestparams : -1
3414 INFO  (coreLoadExecutor-6-thread-1) [   ] o.a.s.u.SolrIndexConfig IndexWriter infoStream solr logging is enabled
3466 INFO  (coreLoadExecutor-6-thread-1) [   ] o.a.s.c.SolrConfig Using Lucene MatchVersion: 5.4.0
4013 INFO  (coreLoadExecutor-6-thread-1) [   ] o.a.s.c.SolrConfig Loaded SolrConfig: solrconfig.xml
4206 INFO  (coreLoadExecutor-6-thread-1) [   ] o.a.s.s.IndexSchema [fastnext] Schema name=default
5023 INFO  (coreLoadExecutor-6-thread-1) [   ] o.a.s.s.IndexSchema default search field in schema is text
5024 INFO  (coreLoadExecutor-6-thread-1) [   ] o.a.s.s.IndexSchema query parser default operator is AND
5024 INFO  (coreLoadExecutor-6-thread-1) [   ] o.a.s.s.IndexSchema unique key field: id
5309 INFO  (coreLoadExecutor-6-thread-1) [   ] o.a.s.c.ConfigSetProperties Did not find ConfigSet properties, assuming default properties: Can't find resource 'configsetprops.json' in classpath or '/home/ubuntu/quablsource/solr-5.4.0/server/solr/fastnext'
5309 INFO  (coreLoadExecutor-6-thread-1) [   ] o.a.s.c.CoreContainer Creating SolrCore 'fastnext' using configuration from instancedir /home/ubuntu/quablsource/solr-5.4.0/server/solr/fastnext
5374 INFO  (coreLoadExecutor-6-thread-1) [   x:fastnext] o.a.s.c.SolrCore solr.NRTCachingDirectoryFactory
5387 INFO  (coreLoadExecutor-6-thread-1) [   x:fastnext] o.a.s.c.SolrCore [[fastnext] ] Opening new SolrCore at [/home/ubuntu/quablsource/solr-5.4.0/server/solr/fastnext], dataDir=[null]
5389 INFO  (coreLoadExecutor-6-thread-1) [   x:fastnext] o.a.s.c.JmxMonitoredMap No JMX servers found, not exposing Solr information with JMX.
5525 INFO  (coreLoadExecutor-6-thread-1) [   x:fastnext] o.a.s.c.CachingDirectoryFactory return new directory for /home/ubuntu/quablsource/solr-5.4.0/server/solr/fastnext/data
5526 INFO  (coreLoadExecutor-6-thread-1) [   x:fastnext] o.a.s.c.SolrCore New index directory detected: old=null new=/home/ubuntu/quablsource/solr-5.4.0/server/solr/fastnext/data/index/
5527 INFO  (coreLoadExecutor-6-thread-1) [   x:fastnext] o.a.s.c.CachingDirectoryFactory return new directory for /home/ubuntu/quablsource/solr-5.4.0/server/solr/fastnext/data/index
5550 INFO  (OldIndexDirectoryCleanupThreadForCore-fastnext) [   x:fastnext] o.a.s.c.SolrCore Looking for old index directories to cleanup for core fastnext in /home/ubuntu/quablsource/solr-5.4.0/server/solr/fastnext/data/
5700 INFO  (coreLoadExecutor-6-thread-1) [   x:fastnext] o.a.s.c.SolrCore no updateRequestProcessorChain defined as default, creating implicit default
5750 INFO  (coreLoadExecutor-6-thread-1) [   x:fastnext] o.a.s.h.l.XMLLoader xsltCacheLifetimeSeconds=60
5754 INFO  (coreLoadExecutor-6-thread-1) [   x:fastnext] o.a.s.h.l.XMLLoader xsltCacheLifetimeSeconds=60
5756 INFO  (coreLoadExecutor-6-thread-1) [   x:fastnext] o.a.s.h.l.XMLLoader xsltCacheLifetimeSeconds=60
5758 INFO  (coreLoadExecutor-6-thread-1) [   x:fastnext] o.a.s.h.l.XMLLoader xsltCacheLifetimeSeconds=60
5778 INFO  (coreLoadExecutor-6-thread-1) [   x:fastnext] o.a.s.c.PluginBag requestHandler : '/analysis/field' created with startup=lazy 
5779 INFO  (coreLoadExecutor-6-thread-1) [   x:fastnext] o.a.s.c.PluginBag requestHandler : '/analysis/document' created with startup=lazy 
5783 INFO  (coreLoadExecutor-6-thread-1) [   x:fastnext] o.a.s.c.PluginBag requestHandler : '/terms' created with startup=lazy 
5784 INFO  (coreLoadExecutor-6-thread-1) [   x:fastnext] o.a.s.c.RequestHandlers Registered paths: /admin/logging,/admin/plugins,/admin/system,/admin/segments,/admin/file,/admin/luke,/update,/terms,/admin/threads,/schema,/query,/replication,/analysis/field,/admin/ping,/update/json/docs,/analysis/document,/select,/admin/mbeans,/update/csv,/get,/update/json,/export,/admin/properties,/config,/debug/dump
5788 INFO  (coreLoadExecutor-6-thread-1) [   x:fastnext] o.a.s.c.SolrCore Using default statsCache cache: org.apache.solr.search.stats.LocalStatsCache
5803 INFO  (coreLoadExecutor-6-thread-1) [   x:fastnext] o.a.s.u.UpdateHandler Using UpdateLog implementation: org.apache.solr.update.UpdateLog
5803 INFO  (coreLoadExecutor-6-thread-1) [   x:fastnext] o.a.s.u.UpdateLog Initializing UpdateLog: dataDir= defaultSyncLevel=FLUSH numRecordsToKeep=100 maxNumLogsToKeep=10 numVersionBuckets=65536
5842 INFO  (coreLoadExecutor-6-thread-1) [   x:fastnext] o.a.s.u.CommitTracker Hard AutoCommit: if uncommited for 15000ms; 
5842 INFO  (coreLoadExecutor-6-thread-1) [   x:fastnext] o.a.s.u.CommitTracker Soft AutoCommit: disabled
6075 INFO  (coreLoadExecutor-6-thread-1) [   x:fastnext] o.a.s.c.SolrDeletionPolicy SolrDeletionPolicy.onInit: commits: num=1
	commit{dir=NRTCachingDirectory(MMapDirectory@/home/ubuntu/quablsource/solr-5.4.0/server/solr/fastnext/data/index lockFactory=org.apache.lucene.store.NativeFSLockFactory@4e13ce16; maxCacheMB=48.0 maxMergeSizeMB=4.0),segFN=segments_6s,generation=244}
6076 INFO  (coreLoadExecutor-6-thread-1) [   x:fastnext] o.a.s.c.SolrDeletionPolicy newest commit generation = 244
6381 INFO  (coreLoadExecutor-6-thread-1) [   x:fastnext] o.a.s.s.SolrIndexSearcher Opening Searcher@469f6ecc[fastnext] main
6394 WARN  (coreLoadExecutor-6-thread-1) [   x:fastnext] o.a.s.r.ManagedResourceStorage Cannot write to config directory /home/ubuntu/quablsource/solr-5.4.0/server/solr/fastnext/conf; switching to use InMemory storage instead.
6396 INFO  (coreLoadExecutor-6-thread-1) [   x:fastnext] o.a.s.r.RestManager Initializing RestManager with initArgs: {}
6410 INFO  (coreLoadExecutor-6-thread-1) [   x:fastnext] o.a.s.r.ManagedResourceStorage Reading _rest_managed.json using InMemoryStorage
6410 INFO  (coreLoadExecutor-6-thread-1) [   x:fastnext] o.a.s.r.RestManager Initializing 0 registered ManagedResources
6423 INFO  (coreLoadExecutor-6-thread-1) [   x:fastnext] o.a.s.h.ReplicationHandler Commits will be reserved for  10000
6425 INFO  (searcherExecutor-7-thread-1-processing-x:fastnext) [   x:fastnext] o.a.s.c.SolrCore [fastnext] Registered new searcher Searcher@469f6ecc[fastnext] main{ExitableDirectoryReader(UninvertingDirectoryReader(Uninverting(_5x(5.4.0):C89060/38787:delGen=38) Uninverting(_7c(5.4.0):c10000) Uninverting(_6h(5.4.0):C10000) Uninverting(_5p(5.4.0):C1000) Uninverting(_67(5.4.0):C10000) Uninverting(_5r(5.4.0):C1000) Uninverting(_72(5.4.0):C10000) Uninverting(_6r(5.4.0):C10000) Uninverting(_6v(5.4.0):C1000) Uninverting(_6y(5.4.0):C1000) Uninverting(_71(5.4.0):C1000) Uninverting(_74(5.4.0):C1000) Uninverting(_76(5.4.0):C1000) Uninverting(_7d(5.4.0):C1000) Uninverting(_7e(5.4.0):C1000) Uninverting(_7f(5.4.0):C787)))}
6428 INFO  (coreLoadExecutor-6-thread-1) [   x:fastnext] o.a.s.u.UpdateLog Looking up max value of version field to seed version buckets
6435 INFO  (coreLoadExecutor-6-thread-1) [   x:fastnext] o.a.s.u.VersionInfo Refreshing highest value of _version_ for 65536 version buckets from index
6574 INFO  (coreLoadExecutor-6-thread-1) [   x:fastnext] o.a.s.u.VersionInfo Found MAX value 1531223624911945728 from Terms for _version_ in index
6586 INFO  (coreLoadExecutor-6-thread-1) [   x:fastnext] o.a.s.u.UpdateLog Took 155.0ms to seed version buckets with highest version 1531223624911945728
6587 INFO  (coreLoadExecutor-6-thread-1) [   x:fastnext] o.a.s.c.CoreContainer registering core: fastnext
272022 INFO  (ShutdownMonitor) [   ] o.e.j.s.ServerConnector Stopped ServerConnector@6ff69{HTTP/1.1}{0.0.0.0:8080}
272023 INFO  (ShutdownMonitor) [   ] o.a.s.c.CoreContainer Shutting down CoreContainer instance=1946115452
272023 INFO  (ShutdownMonitor) [   x:fastnext] o.a.s.c.SolrCore [fastnext]  CLOSING SolrCore org.apache.solr.core.SolrCore@b326f69
272024 INFO  (ShutdownMonitor) [   x:fastnext] o.a.s.u.DirectUpdateHandler2 closing DirectUpdateHandler2{commits=0,autocommit maxTime=15000ms,autocommits=0,soft autocommits=0,optimizes=0,rollbacks=0,expungeDeletes=0,docsPending=0,adds=0,deletesById=0,deletesByQuery=0,errors=0,cumulative_adds=0,cumulative_deletesById=0,cumulative_deletesByQuery=0,cumulative_errors=0,transaction_logs_total_size=3049924,transaction_logs_total_number=1}
272024 INFO  (ShutdownMonitor) [   x:fastnext] o.a.s.u.SolrCoreState Closing SolrCoreState
272024 INFO  (ShutdownMonitor) [   x:fastnext] o.a.s.u.DefaultSolrCoreState SolrCoreState ref count has reached 0 - closing IndexWriter
272024 INFO  (ShutdownMonitor) [   x:fastnext] o.a.s.u.DefaultSolrCoreState closing IndexWriter with IndexWriterCloser
272047 INFO  (ShutdownMonitor) [   x:fastnext] o.a.s.c.SolrCore [fastnext] Closing main searcher on request.
272053 INFO  (ShutdownMonitor) [   x:fastnext] o.a.s.c.CachingDirectoryFactory Closing NRTCachingDirectoryFactory - 2 directories currently being tracked
272054 INFO  (ShutdownMonitor) [   x:fastnext] o.a.s.c.CachingDirectoryFactory looking to close /home/ubuntu/quablsource/solr-5.4.0/server/solr/fastnext/data [CachedDir<<refCount=0;path=/home/ubuntu/quablsource/solr-5.4.0/server/solr/fastnext/data;done=false>>]
272054 INFO  (ShutdownMonitor) [   x:fastnext] o.a.s.c.CachingDirectoryFactory Closing directory: /home/ubuntu/quablsource/solr-5.4.0/server/solr/fastnext/data
272054 INFO  (ShutdownMonitor) [   x:fastnext] o.a.s.c.CachingDirectoryFactory looking to close /home/ubuntu/quablsource/solr-5.4.0/server/solr/fastnext/data/index [CachedDir<<refCount=0;path=/home/ubuntu/quablsource/solr-5.4.0/server/solr/fastnext/data/index;done=false>>]
272054 INFO  (ShutdownMonitor) [   x:fastnext] o.a.s.c.CachingDirectoryFactory Closing directory: /home/ubuntu/quablsource/solr-5.4.0/server/solr/fastnext/data/index
272056 INFO  (ShutdownMonitor) [   x:fastnext] o.e.j.s.h.ContextHandler Stopped o.e.j.w.WebAppContext@4758af63{/solr,file:/home/ubuntu/quablsource/solr-5.4.0/server/solr-webapp/webapp/,UNAVAILABLE}{/home/ubuntu/quablsource/solr-5.4.0/server/solr-webapp/webapp}
