0    INFO  (main) [   ] o.e.j.u.log Logging initialized @385ms
273  INFO  (main) [   ] o.e.j.s.Server jetty-9.2.13.v20150730
289  WARN  (main) [   ] o.e.j.s.h.RequestLogHandler !RequestLog
291  INFO  (main) [   ] o.e.j.d.p.ScanningAppProvider Deployment monitor [file:/home/ubuntu/quablsource/solr-5.4.0/server/contexts/] at interval 0
961  INFO  (main) [   ] o.e.j.w.StandardDescriptorProcessor NO JSP Support for /solr, did not find org.apache.jasper.servlet.JspServlet
973  WARN  (main) [   ] o.e.j.s.SecurityHandler ServletContext@o.e.j.w.WebAppContext@320cc97f{/solr,file:/home/ubuntu/quablsource/solr-5.4.0/server/solr-webapp/webapp/,STARTING}{/home/ubuntu/quablsource/solr-5.4.0/server/solr-webapp/webapp} has uncovered http methods for path: /
1001 INFO  (main) [   ] o.a.s.s.SolrDispatchFilter SolrDispatchFilter.init(): WebAppClassLoader=639721074@26215e72
1026 INFO  (main) [   ] o.a.s.c.SolrResourceLoader JNDI not configured for solr (NoInitialContextEx)
1026 INFO  (main) [   ] o.a.s.c.SolrResourceLoader solr home defaulted to 'solr/' (could not find system property or JNDI)
1026 INFO  (main) [   ] o.a.s.c.SolrResourceLoader new SolrResourceLoader for directory: '/home/ubuntu/quablsource/solr-5.4.0/server/solr'
1027 INFO  (main) [   ] o.a.s.c.SolrResourceLoader JNDI not configured for solr (NoInitialContextEx)
1027 INFO  (main) [   ] o.a.s.c.SolrResourceLoader solr home defaulted to 'solr/' (could not find system property or JNDI)
1033 INFO  (main) [   ] o.a.s.c.SolrXmlConfig Loading container configuration from /home/ubuntu/quablsource/solr-5.4.0/server/solr/solr.xml
1125 INFO  (main) [   ] o.a.s.c.CorePropertiesLocator Config-defined core root directory: /home/ubuntu/quablsource/solr-5.4.0/server/solr
1151 INFO  (main) [   ] o.a.s.c.CoreContainer New CoreContainer 1674339648
1151 INFO  (main) [   ] o.a.s.c.CoreContainer Loading cores into CoreContainer [instanceDir=/home/ubuntu/quablsource/solr-5.4.0/server/solr]
1152 WARN  (main) [   ] o.a.s.c.CoreContainer Couldn't add files from /home/ubuntu/quablsource/solr-5.4.0/server/solr/lib to classpath: /home/ubuntu/quablsource/solr-5.4.0/server/solr/lib
1165 INFO  (main) [   ] o.a.s.h.c.HttpShardHandlerFactory created with socketTimeout : 600000,connTimeout : 60000,maxConnectionsPerHost : 20,maxConnections : 10000,corePoolSize : 0,maximumPoolSize : 2147483647,maxThreadIdleTime : 5,sizeOfQueue : -1,fairnessPolicy : false,useRetries : false,
1478 INFO  (main) [   ] o.a.s.u.UpdateShardHandler Creating UpdateShardHandler HTTP client with params: socketTimeout=600000&connTimeout=60000&retry=true
1480 INFO  (main) [   ] o.a.s.l.LogWatcher SLF4J impl is org.slf4j.impl.Log4jLoggerFactory
1480 INFO  (main) [   ] o.a.s.l.LogWatcher Registering Log Listener [Log4j (org.slf4j.impl.Log4jLoggerFactory)]
1482 INFO  (main) [   ] o.a.s.c.CoreContainer Security conf doesn't exist. Skipping setup for authorization module.
1482 INFO  (main) [   ] o.a.s.c.CoreContainer No authentication plugin used.
1516 INFO  (main) [   ] o.a.s.c.CorePropertiesLocator Looking for core definitions underneath /home/ubuntu/quablsource/solr-5.4.0/server/solr
1535 INFO  (main) [   ] o.a.s.c.CoreDescriptor Created CoreDescriptor: {name=fastnext, config=solrconfig.xml, transient=false, schema=schema.xml, loadOnStartup=true, configSetProperties=configsetprops.json, instanceDir=/home/ubuntu/quablsource/solr-5.4.0/server/solr/fastnext, absoluteInstDir=/home/ubuntu/quablsource/solr-5.4.0/server/solr/fastnext/, dataDir=data}
1536 INFO  (main) [   ] o.a.s.c.CorePropertiesLocator Found core fastnext in /home/ubuntu/quablsource/solr-5.4.0/server/solr/fastnext/
1536 INFO  (main) [   ] o.a.s.c.CorePropertiesLocator Found 1 core definitions
1544 INFO  (coreLoadExecutor-6-thread-1) [   ] o.a.s.c.SolrResourceLoader new SolrResourceLoader for directory: '/home/ubuntu/quablsource/solr-5.4.0/server/solr/fastnext'
1544 INFO  (coreLoadExecutor-6-thread-1) [   ] o.a.s.c.SolrResourceLoader JNDI not configured for solr (NoInitialContextEx)
1544 INFO  (coreLoadExecutor-6-thread-1) [   ] o.a.s.c.SolrResourceLoader solr home defaulted to 'solr/' (could not find system property or JNDI)
1549 INFO  (main) [   ] o.a.s.s.SolrDispatchFilter user.dir=/home/ubuntu/quablsource/solr-5.4.0/server
1549 INFO  (main) [   ] o.a.s.s.SolrDispatchFilter SolrDispatchFilter.init() done
1578 INFO  (main) [   ] o.e.j.s.h.ContextHandler Started o.e.j.w.WebAppContext@320cc97f{/solr,file:/home/ubuntu/quablsource/solr-5.4.0/server/solr-webapp/webapp/,AVAILABLE}{/home/ubuntu/quablsource/solr-5.4.0/server/solr-webapp/webapp}
1615 INFO  (main) [   ] o.e.j.s.ServerConnector Started ServerConnector@1314421d{HTTP/1.1}{0.0.0.0:8983}
1615 INFO  (main) [   ] o.e.j.s.Server Started @2001ms
1618 INFO  (coreLoadExecutor-6-thread-1) [   ] o.a.s.c.SolrConfig current version of requestparams : -1
1731 INFO  (coreLoadExecutor-6-thread-1) [   ] o.a.s.u.SolrIndexConfig IndexWriter infoStream solr logging is enabled
1761 INFO  (coreLoadExecutor-6-thread-1) [   ] o.a.s.c.SolrConfig Using Lucene MatchVersion: 5.4.0
2061 INFO  (coreLoadExecutor-6-thread-1) [   ] o.a.s.c.SolrConfig Loaded SolrConfig: solrconfig.xml
2136 INFO  (coreLoadExecutor-6-thread-1) [   ] o.a.s.s.IndexSchema [fastnext] Schema name=default
2515 INFO  (coreLoadExecutor-6-thread-1) [   ] o.a.s.s.IndexSchema default search field in schema is text
2516 INFO  (coreLoadExecutor-6-thread-1) [   ] o.a.s.s.IndexSchema query parser default operator is AND
2516 INFO  (coreLoadExecutor-6-thread-1) [   ] o.a.s.s.IndexSchema unique key field: id
2668 INFO  (coreLoadExecutor-6-thread-1) [   ] o.a.s.c.ConfigSetProperties Did not find ConfigSet properties, assuming default properties: Can't find resource 'configsetprops.json' in classpath or '/home/ubuntu/quablsource/solr-5.4.0/server/solr/fastnext'
2668 INFO  (coreLoadExecutor-6-thread-1) [   ] o.a.s.c.CoreContainer Creating SolrCore 'fastnext' using configuration from instancedir /home/ubuntu/quablsource/solr-5.4.0/server/solr/fastnext
2698 INFO  (coreLoadExecutor-6-thread-1) [   x:fastnext] o.a.s.c.SolrCore solr.NRTCachingDirectoryFactory
2708 INFO  (coreLoadExecutor-6-thread-1) [   x:fastnext] o.a.s.c.SolrCore [[fastnext] ] Opening new SolrCore at [/home/ubuntu/quablsource/solr-5.4.0/server/solr/fastnext], dataDir=[null]
2709 INFO  (coreLoadExecutor-6-thread-1) [   x:fastnext] o.a.s.c.JmxMonitoredMap No JMX servers found, not exposing Solr information with JMX.
2787 INFO  (coreLoadExecutor-6-thread-1) [   x:fastnext] o.a.s.c.CachingDirectoryFactory return new directory for /home/ubuntu/quablsource/solr-5.4.0/server/solr/fastnext/data
2788 INFO  (coreLoadExecutor-6-thread-1) [   x:fastnext] o.a.s.c.SolrCore New index directory detected: old=null new=/home/ubuntu/quablsource/solr-5.4.0/server/solr/fastnext/data/index/
2789 INFO  (coreLoadExecutor-6-thread-1) [   x:fastnext] o.a.s.c.CachingDirectoryFactory return new directory for /home/ubuntu/quablsource/solr-5.4.0/server/solr/fastnext/data/index
2805 INFO  (OldIndexDirectoryCleanupThreadForCore-fastnext) [   x:fastnext] o.a.s.c.SolrCore Looking for old index directories to cleanup for core fastnext in /home/ubuntu/quablsource/solr-5.4.0/server/solr/fastnext/data/
2873 INFO  (coreLoadExecutor-6-thread-1) [   x:fastnext] o.a.s.c.SolrCore no updateRequestProcessorChain defined as default, creating implicit default
2902 INFO  (coreLoadExecutor-6-thread-1) [   x:fastnext] o.a.s.h.l.XMLLoader xsltCacheLifetimeSeconds=60
2945 INFO  (coreLoadExecutor-6-thread-1) [   x:fastnext] o.a.s.h.l.XMLLoader xsltCacheLifetimeSeconds=60
2946 INFO  (coreLoadExecutor-6-thread-1) [   x:fastnext] o.a.s.h.l.XMLLoader xsltCacheLifetimeSeconds=60
2947 INFO  (coreLoadExecutor-6-thread-1) [   x:fastnext] o.a.s.h.l.XMLLoader xsltCacheLifetimeSeconds=60
2963 INFO  (coreLoadExecutor-6-thread-1) [   x:fastnext] o.a.s.c.PluginBag requestHandler : '/analysis/field' created with startup=lazy 
2963 INFO  (coreLoadExecutor-6-thread-1) [   x:fastnext] o.a.s.c.PluginBag requestHandler : '/analysis/document' created with startup=lazy 
2965 INFO  (coreLoadExecutor-6-thread-1) [   x:fastnext] o.a.s.c.PluginBag requestHandler : '/terms' created with startup=lazy 
2965 INFO  (coreLoadExecutor-6-thread-1) [   x:fastnext] o.a.s.c.RequestHandlers Registered paths: /admin/logging,/admin/plugins,/admin/system,/admin/segments,/admin/file,/admin/luke,/update,/terms,/admin/threads,/schema,/query,/replication,/analysis/field,/admin/ping,/update/json/docs,/analysis/document,/select,/admin/mbeans,/update/csv,/get,/update/json,/export,/admin/properties,/config,/debug/dump
2966 INFO  (coreLoadExecutor-6-thread-1) [   x:fastnext] o.a.s.c.SolrCore Using default statsCache cache: org.apache.solr.search.stats.LocalStatsCache
2974 INFO  (coreLoadExecutor-6-thread-1) [   x:fastnext] o.a.s.u.UpdateHandler Using UpdateLog implementation: org.apache.solr.update.UpdateLog
2974 INFO  (coreLoadExecutor-6-thread-1) [   x:fastnext] o.a.s.u.UpdateLog Initializing UpdateLog: dataDir= defaultSyncLevel=FLUSH numRecordsToKeep=100 maxNumLogsToKeep=10 numVersionBuckets=65536
2989 INFO  (coreLoadExecutor-6-thread-1) [   x:fastnext] o.a.s.u.CommitTracker Hard AutoCommit: if uncommited for 15000ms; 
2990 INFO  (coreLoadExecutor-6-thread-1) [   x:fastnext] o.a.s.u.CommitTracker Soft AutoCommit: disabled
3120 INFO  (coreLoadExecutor-6-thread-1) [   x:fastnext] o.a.s.c.SolrDeletionPolicy SolrDeletionPolicy.onInit: commits: num=1
	commit{dir=NRTCachingDirectory(MMapDirectory@/home/ubuntu/quablsource/solr-5.4.0/server/solr/fastnext/data/index lockFactory=org.apache.lucene.store.NativeFSLockFactory@10e5c1f7; maxCacheMB=48.0 maxMergeSizeMB=4.0),segFN=segments_6s,generation=244}
3120 INFO  (coreLoadExecutor-6-thread-1) [   x:fastnext] o.a.s.c.SolrDeletionPolicy newest commit generation = 244
3232 INFO  (coreLoadExecutor-6-thread-1) [   x:fastnext] o.a.s.s.SolrIndexSearcher Opening Searcher@77c957d9[fastnext] main
3238 WARN  (coreLoadExecutor-6-thread-1) [   x:fastnext] o.a.s.r.ManagedResourceStorage Cannot write to config directory /home/ubuntu/quablsource/solr-5.4.0/server/solr/fastnext/conf; switching to use InMemory storage instead.
3239 INFO  (coreLoadExecutor-6-thread-1) [   x:fastnext] o.a.s.r.RestManager Initializing RestManager with initArgs: {}
3250 INFO  (coreLoadExecutor-6-thread-1) [   x:fastnext] o.a.s.r.ManagedResourceStorage Reading _rest_managed.json using InMemoryStorage
3250 INFO  (coreLoadExecutor-6-thread-1) [   x:fastnext] o.a.s.r.RestManager Initializing 0 registered ManagedResources
3257 INFO  (coreLoadExecutor-6-thread-1) [   x:fastnext] o.a.s.h.ReplicationHandler Commits will be reserved for  10000
3257 INFO  (searcherExecutor-7-thread-1-processing-x:fastnext) [   x:fastnext] o.a.s.c.SolrCore [fastnext] Registered new searcher Searcher@77c957d9[fastnext] main{ExitableDirectoryReader(UninvertingDirectoryReader(Uninverting(_5x(5.4.0):C89060/38787:delGen=38) Uninverting(_7c(5.4.0):c10000) Uninverting(_6h(5.4.0):C10000) Uninverting(_5p(5.4.0):C1000) Uninverting(_67(5.4.0):C10000) Uninverting(_5r(5.4.0):C1000) Uninverting(_72(5.4.0):C10000) Uninverting(_6r(5.4.0):C10000) Uninverting(_6v(5.4.0):C1000) Uninverting(_6y(5.4.0):C1000) Uninverting(_71(5.4.0):C1000) Uninverting(_74(5.4.0):C1000) Uninverting(_76(5.4.0):C1000) Uninverting(_7d(5.4.0):C1000) Uninverting(_7e(5.4.0):C1000) Uninverting(_7f(5.4.0):C787)))}
3259 INFO  (coreLoadExecutor-6-thread-1) [   x:fastnext] o.a.s.u.UpdateLog Looking up max value of version field to seed version buckets
3261 INFO  (coreLoadExecutor-6-thread-1) [   x:fastnext] o.a.s.u.VersionInfo Refreshing highest value of _version_ for 65536 version buckets from index
3337 INFO  (coreLoadExecutor-6-thread-1) [   x:fastnext] o.a.s.u.VersionInfo Found MAX value 1531223624911945728 from Terms for _version_ in index
3341 INFO  (coreLoadExecutor-6-thread-1) [   x:fastnext] o.a.s.u.UpdateLog Took 81.0ms to seed version buckets with highest version 1531223624911945728
3342 INFO  (coreLoadExecutor-6-thread-1) [   x:fastnext] o.a.s.c.CoreContainer registering core: fastnext
141767 INFO  (qtp2059114181-13) [   x:fastnext] o.a.s.c.S.Request [fastnext] webapp=/solr path=/select params={fl=*+score&start=0&q=(ht)&wt=json&fq=django_ct:(SimplerApp.intern)&rows=20} hits=234 status=0 QTime=210 
141779 INFO  (qtp2059114181-14) [   x:fastnext] o.a.s.c.S.Request [fastnext] webapp=/solr path=/select params={fl=*+score&start=0&q=(htm)&wt=json&fq=django_ct:(SimplerApp.intern)&rows=20} hits=51 status=0 QTime=40 
141804 INFO  (qtp2059114181-12) [   x:fastnext] o.a.s.c.S.Request [fastnext] webapp=/solr path=/select params={fl=*+score&start=0&q=(h)&wt=json&fq=django_ct:(SimplerApp.intern)&rows=20} hits=2274 status=0 QTime=299 
141980 INFO  (qtp2059114181-15) [   x:fastnext] o.a.s.c.S.Request [fastnext] webapp=/solr path=/select params={fl=*+score&start=0&q=(html)&wt=json&fq=django_ct:(SimplerApp.intern)&rows=20} hits=32792 status=0 QTime=239 
142012 INFO  (qtp2059114181-17) [   x:fastnext] o.a.s.c.S.Request [fastnext] webapp=/solr path=/select params={fl=*+score&start=0&q=(html)&wt=json&fq=django_ct:(SimplerApp.intern)&rows=20} hits=32792 status=0 QTime=0 
142078 INFO  (qtp2059114181-18) [   x:fastnext] o.a.s.c.S.Request [fastnext] webapp=/solr path=/select params={fl=*+score&start=0&q=(html)&wt=json&fq=django_ct:(SimplerApp.intern)&rows=20} hits=32792 status=0 QTime=1 
142082 INFO  (qtp2059114181-16) [   x:fastnext] o.a.s.c.S.Request [fastnext] webapp=/solr path=/select params={fl=*+score&start=0&q=(html)&wt=json&fq=django_ct:(SimplerApp.intern)&rows=20} hits=32792 status=0 QTime=104 
142406 INFO  (qtp2059114181-19) [   x:fastnext] o.a.s.c.S.Request [fastnext] webapp=/solr path=/select params={fl=*+score&start=0&q=(html)&wt=json&fq=django_ct:(SimplerApp.intern)&rows=20} hits=32792 status=0 QTime=5 
142854 INFO  (qtp2059114181-14) [   x:fastnext] o.a.s.c.S.Request [fastnext] webapp=/solr path=/select params={fl=*+score&start=0&q=(html+ch)&wt=json&fq=django_ct:(SimplerApp.intern)&rows=20} hits=94 status=0 QTime=74 
142990 INFO  (qtp2059114181-15) [   x:fastnext] o.a.s.c.S.Request [fastnext] webapp=/solr path=/select params={fl=*+score&start=0&q=(html+che)&wt=json&fq=django_ct:(SimplerApp.intern)&rows=20} hits=27 status=0 QTime=78 
142997 INFO  (qtp2059114181-13) [   x:fastnext] o.a.s.c.S.Request [fastnext] webapp=/solr path=/select params={fl=*+score&start=0&q=(html+che)&wt=json&fq=django_ct:(SimplerApp.intern)&rows=20} hits=27 status=0 QTime=119 
143071 INFO  (qtp2059114181-18) [   x:fastnext] o.a.s.c.S.Request [fastnext] webapp=/solr path=/select params={fl=*+score&start=0&q=(html+che)&wt=json&fq=django_ct:(SimplerApp.intern)&rows=20} hits=27 status=0 QTime=1 
143106 INFO  (qtp2059114181-12) [   x:fastnext] o.a.s.c.S.Request [fastnext] webapp=/solr path=/select params={fl=*+score&start=0&q=(html+c)&wt=json&fq=django_ct:(SimplerApp.intern)&rows=20} hits=28918 status=0 QTime=394 
143144 INFO  (qtp2059114181-17) [   x:fastnext] o.a.s.c.S.Request [fastnext] webapp=/solr path=/select params={fl=*+score&start=0&q=(html+chen)&wt=json&fq=django_ct:(SimplerApp.intern)&rows=20} hits=44 status=0 QTime=106 
143156 INFO  (qtp2059114181-16) [   x:fastnext] o.a.s.c.S.Request [fastnext] webapp=/solr path=/select params={fl=*+score&start=0&q=(html+chen)&wt=json&fq=django_ct:(SimplerApp.intern)&rows=20} hits=44 status=0 QTime=59 
143273 INFO  (qtp2059114181-14) [   x:fastnext] o.a.s.c.S.Request [fastnext] webapp=/solr path=/select params={fl=*+score&start=0&q=(html+chenn)&wt=json&fq=django_ct:(SimplerApp.intern)&rows=20} hits=0 status=0 QTime=71 
143275 INFO  (qtp2059114181-15) [   x:fastnext] o.a.s.c.S.Request [fastnext] webapp=/solr path=/select params={fl=*+score&start=0&q=(html+chenn)&wt=json&fq=django_ct:(SimplerApp.intern)&rows=20} hits=0 status=0 QTime=49 
143322 INFO  (qtp2059114181-12) [   x:fastnext] o.a.s.c.S.Request [fastnext] webapp=/solr path=/select params={fl=*+score&start=0&q=(html+chen)&wt=json&fq=django_ct:(SimplerApp.intern)&rows=20} hits=44 status=0 QTime=1 
143339 INFO  (qtp2059114181-19) [   x:fastnext] o.a.s.c.S.Request [fastnext] webapp=/solr path=/select params={fl=*+score&start=0&q=(html+chenn)&wt=json&fq=django_ct:(SimplerApp.intern)&rows=20} hits=0 status=0 QTime=126 
143361 INFO  (qtp2059114181-17) [   x:fastnext] o.a.s.c.S.Request [fastnext] webapp=/solr path=/select params={fl=*+score&start=0&q=(html+chenn)&wt=json&fq=django_ct:(SimplerApp.intern)&rows=0} hits=0 status=0 QTime=6 
143410 INFO  (qtp2059114181-13) [   x:fastnext] o.a.s.c.S.Request [fastnext] webapp=/solr path=/select params={fl=*+score&start=0&q=(html+chenna)&wt=json&fq=django_ct:(SimplerApp.intern)&rows=20} hits=3 status=0 QTime=140 
143450 INFO  (qtp2059114181-14) [   x:fastnext] o.a.s.c.S.Request [fastnext] webapp=/solr path=/select params={fl=*+score&start=0&q=(html+chenna)&wt=json&fq=django_ct:(SimplerApp.intern)&rows=20} hits=3 status=0 QTime=156 
143476 INFO  (qtp2059114181-16) [   x:fastnext] o.a.s.c.S.Request [fastnext] webapp=/solr path=/select params={fl=*+score&start=0&q=(html+chenna)&wt=json&fq=django_ct:(SimplerApp.intern)&rows=20} hits=3 status=0 QTime=94 
143490 INFO  (qtp2059114181-19) [   x:fastnext] o.a.s.c.S.Request [fastnext] webapp=/solr path=/select params={fl=*+score&start=0&q=(html+chenna)&wt=json&fq=django_ct:(SimplerApp.intern)&rows=3} hits=3 status=0 QTime=1 
143508 INFO  (qtp2059114181-18) [   x:fastnext] o.a.s.c.S.Request [fastnext] webapp=/solr path=/select params={fl=*+score&start=0&q=(html+chenna)&wt=json&fq=django_ct:(SimplerApp.intern)&rows=20} hits=3 status=0 QTime=178 
143514 INFO  (qtp2059114181-15) [   x:fastnext] o.a.s.c.S.Request [fastnext] webapp=/solr path=/select params={fl=*+score&start=0&q=(html+chenna)&wt=json&fq=django_ct:(SimplerApp.intern)&rows=20} hits=3 status=0 QTime=143 
143681 INFO  (qtp2059114181-12) [   x:fastnext] o.a.s.c.S.Request [fastnext] webapp=/solr path=/select params={fl=*+score&start=0&q=(html+chennai)&wt=json&fq=django_ct:(SimplerApp.intern)&rows=20} hits=1888 status=0 QTime=48 
143896 INFO  (qtp2059114181-17) [   x:fastnext] o.a.s.c.S.Request [fastnext] webapp=/solr path=/select params={start=0&q=html+chennai&wt=json&rows=500} hits=1888 status=0 QTime=36 
909175 INFO  (qtp2059114181-13) [   x:fastnext] o.a.s.c.S.Request [fastnext] webapp=/solr path=/select params={fl=*+score&start=0&q=(s)&wt=json&fq=django_ct:(SimplerApp.intern)&rows=20} hits=50179 status=0 QTime=65 
909306 INFO  (qtp2059114181-14) [   x:fastnext] o.a.s.c.S.Request [fastnext] webapp=/solr path=/select params={fl=*+score&start=0&q=(sr)&wt=json&fq=django_ct:(SimplerApp.intern)&rows=20} hits=3009 status=0 QTime=14 
909360 INFO  (qtp2059114181-16) [   x:fastnext] o.a.s.c.S.Request [fastnext] webapp=/solr path=/select params={fl=*+score&start=0&q=(sri)&wt=json&fq=django_ct:(SimplerApp.intern)&rows=20} hits=4976 status=0 QTime=11 
909377 INFO  (qtp2059114181-19) [   x:fastnext] o.a.s.c.S.Request [fastnext] webapp=/solr path=/select params={fl=*+score&start=0&q=(sri)&wt=json&fq=django_ct:(SimplerApp.intern)&rows=20} hits=4976 status=0 QTime=0 
909407 INFO  (qtp2059114181-15) [   x:fastnext] o.a.s.c.S.Request [fastnext] webapp=/solr path=/select params={fl=*+score&start=0&q=(sri)&wt=json&fq=django_ct:(SimplerApp.intern)&rows=20} hits=4976 status=0 QTime=1 
909704 INFO  (qtp2059114181-12) [   x:fastnext] o.a.s.c.S.Request [fastnext] webapp=/solr path=/select params={fl=*+score&start=0&q=(sri)&wt=json&fq=django_ct:(SimplerApp.intern)&rows=20} hits=4976 status=0 QTime=0 
909762 INFO  (qtp2059114181-18) [   x:fastnext] o.a.s.c.S.Request [fastnext] webapp=/solr path=/select params={fl=*+score&start=0&q=(sri+h)&wt=json&fq=django_ct:(SimplerApp.intern)&rows=20} hits=95 status=0 QTime=66 
909801 INFO  (qtp2059114181-17) [   x:fastnext] o.a.s.c.S.Request [fastnext] webapp=/solr path=/select params={fl=*+score&start=0&q=(sri+ha)&wt=json&fq=django_ct:(SimplerApp.intern)&rows=20} hits=1089 status=0 QTime=27 
909841 INFO  (qtp2059114181-13) [   x:fastnext] o.a.s.c.S.Request [fastnext] webapp=/solr path=/select params={fl=*+score&start=0&q=(sri+ha)&wt=json&fq=django_ct:(SimplerApp.intern)&rows=20} hits=1089 status=0 QTime=1 
910039 INFO  (qtp2059114181-14) [   x:fastnext] o.a.s.c.S.Request [fastnext] webapp=/solr path=/select params={fl=*+score&start=0&q=(sri+har)&wt=json&fq=django_ct:(SimplerApp.intern)&rows=20} hits=52 status=0 QTime=16 
910161 INFO  (qtp2059114181-19) [   x:fastnext] o.a.s.c.S.Request [fastnext] webapp=/solr path=/select params={fl=*+score&start=0&q=(sri+hars)&wt=json&fq=django_ct:(SimplerApp.intern)&rows=20} hits=52 status=0 QTime=1 
911483 INFO  (qtp2059114181-16) [   x:fastnext] o.a.s.c.S.Request [fastnext] webapp=/solr path=/select params={fl=*+score&start=0&q=(sri+harsh)&wt=json&fq=django_ct:(SimplerApp.intern)&rows=20} hits=5 status=0 QTime=11 
911598 INFO  (qtp2059114181-15) [   x:fastnext] o.a.s.c.S.Request [fastnext] webapp=/solr path=/select params={fl=*+score&start=0&q=(sri+harsha)&wt=json&fq=django_ct:(SimplerApp.intern)&rows=20} hits=59 status=0 QTime=8 
912526 INFO  (qtp2059114181-12) [   x:fastnext] o.a.s.c.S.Request [fastnext] webapp=/solr path=/select params={fl=*+score&start=0&q=(sri+harsha)&wt=json&fq=django_ct:(SimplerApp.intern)&rows=20} hits=59 status=0 QTime=1 
912602 INFO  (qtp2059114181-18) [   x:fastnext] o.a.s.c.S.Request [fastnext] webapp=/solr path=/select params={fl=*+score&start=0&q=(sri+harsha+c)&wt=json&fq=django_ct:(SimplerApp.intern)&rows=20} hits=36 status=0 QTime=31 
912809 INFO  (qtp2059114181-17) [   x:fastnext] o.a.s.c.S.Request [fastnext] webapp=/solr path=/select params={fl=*+score&start=0&q=(sri+harsha+ch)&wt=json&fq=django_ct:(SimplerApp.intern)&rows=20} hits=5 status=0 QTime=17 
913007 INFO  (qtp2059114181-13) [   x:fastnext] o.a.s.c.S.Request [fastnext] webapp=/solr path=/select params={fl=*+score&start=0&q=(sri+harsha+che)&wt=json&fq=django_ct:(SimplerApp.intern)&rows=20} hits=0 status=0 QTime=23 
913020 INFO  (qtp2059114181-13) [   x:fastnext] o.a.s.c.S.Request [fastnext] webapp=/solr path=/select params={fl=*+score&start=0&q=(sri+harsha+che)&wt=json&fq=django_ct:(SimplerApp.intern)&rows=0} hits=0 status=0 QTime=10 
913166 INFO  (qtp2059114181-14) [   x:fastnext] o.a.s.c.S.Request [fastnext] webapp=/solr path=/select params={fl=*+score&start=0&q=(sri+harsha+chen)&wt=json&fq=django_ct:(SimplerApp.intern)&rows=20} hits=0 status=0 QTime=8 
913169 INFO  (qtp2059114181-14) [   x:fastnext] o.a.s.c.S.Request [fastnext] webapp=/solr path=/select params={fl=*+score&start=0&q=(sri+harsha+chen)&wt=json&fq=django_ct:(SimplerApp.intern)&rows=0} hits=0 status=0 QTime=1 
913411 INFO  (qtp2059114181-19) [   x:fastnext] o.a.s.c.S.Request [fastnext] webapp=/solr path=/select params={fl=*+score&start=0&q=(sri+harsha+chenn)&wt=json&fq=django_ct:(SimplerApp.intern)&rows=20} hits=0 status=0 QTime=63 
913418 INFO  (qtp2059114181-19) [   x:fastnext] o.a.s.c.S.Request [fastnext] webapp=/solr path=/select params={fl=*+score&start=0&q=(sri+harsha+chenn)&wt=json&fq=django_ct:(SimplerApp.intern)&rows=0} hits=0 status=0 QTime=1 
913440 INFO  (qtp2059114181-19) [   x:fastnext] o.a.s.c.S.Request [fastnext] webapp=/solr path=/select params={fl=*+score&start=0&q=(sri+harsha+chenna)&wt=json&fq=django_ct:(SimplerApp.intern)&rows=20} hits=0 status=0 QTime=16 
913444 INFO  (qtp2059114181-19) [   x:fastnext] o.a.s.c.S.Request [fastnext] webapp=/solr path=/select params={fl=*+score&start=0&q=(sri+harsha+chenna)&wt=json&fq=django_ct:(SimplerApp.intern)&rows=0} hits=0 status=0 QTime=1 
913572 INFO  (qtp2059114181-16) [   x:fastnext] o.a.s.c.S.Request [fastnext] webapp=/solr path=/select params={fl=*+score&start=0&q=(sri+harsha+chennai)&wt=json&fq=django_ct:(SimplerApp.intern)&rows=20} hits=2 status=0 QTime=24 
914904 INFO  (qtp2059114181-15) [   x:fastnext] o.a.s.c.S.Request [fastnext] webapp=/solr path=/select params={start=0&q=sri+harsha+chennai&wt=json&rows=500} hits=2 status=0 QTime=11 
934860 INFO  (qtp2059114181-15) [   x:fastnext] o.a.s.c.S.Request [fastnext] webapp=/solr path=/select params={fl=*+score&start=0&q=(s)&wt=json&fq=django_ct:(SimplerApp.intern)&rows=20} hits=50179 status=0 QTime=0 
934984 INFO  (qtp2059114181-12) [   x:fastnext] o.a.s.c.S.Request [fastnext] webapp=/solr path=/select params={fl=*+score&start=0&q=(sr)&wt=json&fq=django_ct:(SimplerApp.intern)&rows=20} hits=3009 status=0 QTime=0 
935107 INFO  (qtp2059114181-18) [   x:fastnext] o.a.s.c.S.Request [fastnext] webapp=/solr path=/select params={fl=*+score&start=0&q=(sri)&wt=json&fq=django_ct:(SimplerApp.intern)&rows=20} hits=4976 status=0 QTime=0 
935427 INFO  (qtp2059114181-17) [   x:fastnext] o.a.s.c.S.Request [fastnext] webapp=/solr path=/select params={fl=*+score&start=0&q=(sr)&wt=json&fq=django_ct:(SimplerApp.intern)&rows=20} hits=3009 status=0 QTime=0 
935940 INFO  (qtp2059114181-13) [   x:fastnext] o.a.s.c.S.Request [fastnext] webapp=/solr path=/select params={fl=*+score&start=0&q=(s)&wt=json&fq=django_ct:(SimplerApp.intern)&rows=20} hits=50179 status=0 QTime=0 
936325 INFO  (qtp2059114181-14) [   x:fastnext] o.a.s.c.S.Request [fastnext] webapp=/solr path=/select params={fl=*+score&start=0&q=(a)&wt=json&fq=django_ct:(SimplerApp.intern)&rows=20} hits=0 status=0 QTime=1 
936328 INFO  (qtp2059114181-19) [   x:fastnext] o.a.s.c.S.Request [fastnext] webapp=/solr path=/select params={fl=*+score&start=0&q=(a)&wt=json&fq=django_ct:(SimplerApp.intern)&rows=0} hits=0 status=0 QTime=0 
936663 INFO  (qtp2059114181-16) [   x:fastnext] o.a.s.c.S.Request [fastnext] webapp=/solr path=/select params={fl=*+score&start=0&q=(ar)&wt=json&fq=django_ct:(SimplerApp.intern)&rows=20} hits=447 status=0 QTime=32 
936757 INFO  (qtp2059114181-15) [   x:fastnext] o.a.s.c.S.Request [fastnext] webapp=/solr path=/select params={fl=*+score&start=0&q=(ara)&wt=json&fq=django_ct:(SimplerApp.intern)&rows=20} hits=53 status=0 QTime=3 
936995 INFO  (qtp2059114181-12) [   x:fastnext] o.a.s.c.S.Request [fastnext] webapp=/solr path=/select params={fl=*+score&start=0&q=(aran)&wt=json&fq=django_ct:(SimplerApp.intern)&rows=20} hits=2 status=0 QTime=1 
937236 INFO  (qtp2059114181-18) [   x:fastnext] o.a.s.c.S.Request [fastnext] webapp=/solr path=/select params={fl=*+score&start=0&q=(arang)&wt=json&fq=django_ct:(SimplerApp.intern)&rows=20} hits=2 status=0 QTime=3 
937485 INFO  (qtp2059114181-17) [   x:fastnext] o.a.s.c.S.Request [fastnext] webapp=/solr path=/select params={fl=*+score&start=0&q=(arangi)&wt=json&fq=django_ct:(SimplerApp.intern)&rows=20} hits=3 status=0 QTime=1 
937789 INFO  (qtp2059114181-14) [   x:fastnext] o.a.s.c.S.Request [fastnext] webapp=/solr path=/select params={start=0&q=arangi&wt=json&rows=500} hits=3 status=0 QTime=1 
953061 INFO  (qtp2059114181-19) [   x:fastnext] o.a.s.c.S.Request [fastnext] webapp=/solr path=/select params={fl=*+score&start=0&q=(h)&wt=json&fq=django_ct:(SimplerApp.intern)&rows=20} hits=2274 status=0 QTime=0 
953107 INFO  (qtp2059114181-16) [   x:fastnext] o.a.s.c.S.Request [fastnext] webapp=/solr path=/select params={fl=*+score&start=0&q=(h)&wt=json&fq=django_ct:(SimplerApp.intern)&rows=20} hits=2274 status=0 QTime=0 
953377 INFO  (qtp2059114181-15) [   x:fastnext] o.a.s.c.S.Request [fastnext] webapp=/solr path=/select params={fl=*+score&start=0&q=(ht)&wt=json&fq=django_ct:(SimplerApp.intern)&rows=20} hits=234 status=0 QTime=0 
953569 INFO  (qtp2059114181-12) [   x:fastnext] o.a.s.c.S.Request [fastnext] webapp=/solr path=/select params={fl=*+score&start=0&q=(htm)&wt=json&fq=django_ct:(SimplerApp.intern)&rows=20} hits=51 status=0 QTime=0 
953682 INFO  (qtp2059114181-18) [   x:fastnext] o.a.s.c.S.Request [fastnext] webapp=/solr path=/select params={fl=*+score&start=0&q=(html)&wt=json&fq=django_ct:(SimplerApp.intern)&rows=20} hits=32792 status=0 QTime=0 
953981 INFO  (qtp2059114181-17) [   x:fastnext] o.a.s.c.S.Request [fastnext] webapp=/solr path=/select params={fl=*+score&start=0&q=(html)&wt=json&fq=django_ct:(SimplerApp.intern)&rows=20} hits=32792 status=0 QTime=0 
954762 INFO  (qtp2059114181-13) [   x:fastnext] o.a.s.c.S.Request [fastnext] webapp=/solr path=/select params={fl=*+score&start=0&q=(html)&wt=json&fq=django_ct:(SimplerApp.intern)&rows=20} hits=32792 status=0 QTime=0 
955553 INFO  (qtp2059114181-14) [   x:fastnext] o.a.s.c.S.Request [fastnext] webapp=/solr path=/select params={fl=*+score&start=0&q=(html)&wt=json&fq=django_ct:(SimplerApp.intern)&rows=20} hits=32792 status=0 QTime=0 
956297 INFO  (qtp2059114181-19) [   x:fastnext] o.a.s.c.S.Request [fastnext] webapp=/solr path=/select params={fl=*+score&start=0&q=(html+m)&wt=json&fq=django_ct:(SimplerApp.intern)&rows=20} hits=3955 status=0 QTime=34 
956346 INFO  (qtp2059114181-16) [   x:fastnext] o.a.s.c.S.Request [fastnext] webapp=/solr path=/select params={fl=*+score&start=0&q=(html+ma)&wt=json&fq=django_ct:(SimplerApp.intern)&rows=20} hits=283 status=0 QTime=20 
956353 INFO  (qtp2059114181-15) [   x:fastnext] o.a.s.c.S.Request [fastnext] webapp=/solr path=/select params={fl=*+score&start=0&q=(html+ma)&wt=json&fq=django_ct:(SimplerApp.intern)&rows=20} hits=283 status=0 QTime=11 
956388 INFO  (qtp2059114181-12) [   x:fastnext] o.a.s.c.S.Request [fastnext] webapp=/solr path=/select params={fl=*+score&start=0&q=(html+ma)&wt=json&fq=django_ct:(SimplerApp.intern)&rows=20} hits=283 status=0 QTime=1 
957096 INFO  (qtp2059114181-18) [   x:fastnext] o.a.s.c.S.Request [fastnext] webapp=/solr path=/select params={fl=*+score&start=0&q=(html+mad)&wt=json&fq=django_ct:(SimplerApp.intern)&rows=20} hits=102 status=0 QTime=15 
957294 INFO  (qtp2059114181-17) [   x:fastnext] o.a.s.c.S.Request [fastnext] webapp=/solr path=/select params={fl=*+score&start=0&q=(html+madr)&wt=json&fq=django_ct:(SimplerApp.intern)&rows=20} hits=0 status=0 QTime=5 
957298 INFO  (qtp2059114181-17) [   x:fastnext] o.a.s.c.S.Request [fastnext] webapp=/solr path=/select params={fl=*+score&start=0&q=(html+madr)&wt=json&fq=django_ct:(SimplerApp.intern)&rows=0} hits=0 status=0 QTime=2 
957413 INFO  (qtp2059114181-13) [   x:fastnext] o.a.s.c.S.Request [fastnext] webapp=/solr path=/select params={fl=*+score&start=0&q=(html+madra)&wt=json&fq=django_ct:(SimplerApp.intern)&rows=20} hits=733 status=0 QTime=8 
957628 INFO  (qtp2059114181-14) [   x:fastnext] o.a.s.c.S.Request [fastnext] webapp=/solr path=/select params={fl=*+score&start=0&q=(html+madras)&wt=json&fq=django_ct:(SimplerApp.intern)&rows=20} hits=733 status=0 QTime=0 
957906 INFO  (qtp2059114181-19) [   x:fastnext] o.a.s.c.S.Request [fastnext] webapp=/solr path=/select params={start=0&q=html+madras&wt=json&rows=500} hits=733 status=0 QTime=5 
965591 INFO  (qtp2059114181-16) [   x:fastnext] o.a.s.c.S.Request [fastnext] webapp=/solr path=/select params={start=0&q=html+madras&wt=json&rows=500} hits=733 status=0 QTime=10 
978736 INFO  (qtp2059114181-19) [   x:fastnext] o.a.s.c.S.Request [fastnext] webapp=/solr path=/select params={fl=*+score&start=0&q=(html)&wt=json&fq=django_ct:(SimplerApp.intern)&rows=20} hits=32792 status=0 QTime=0 
979001 INFO  (qtp2059114181-16) [   x:fastnext] o.a.s.c.S.Request [fastnext] webapp=/solr path=/select params={start=0&q=html&wt=json&rows=500} hits=32792 status=0 QTime=11 
994827 INFO  (qtp2059114181-15) [   x:fastnext] o.a.s.c.S.Request [fastnext] webapp=/solr path=/select params={start=0&q=html&wt=json&rows=500} hits=32792 status=0 QTime=3 
3192796 INFO  (qtp2059114181-12) [   x:fastnext] o.a.s.c.S.Request [fastnext] webapp=/solr path=/select params={fl=*+score&start=0&q=(h)&wt=json&fq=django_ct:(SimplerApp.intern)&rows=20} hits=2274 status=0 QTime=3 
3192853 INFO  (qtp2059114181-18) [   x:fastnext] o.a.s.c.S.Request [fastnext] webapp=/solr path=/select params={fl=*+score&start=0&q=(ht)&wt=json&fq=django_ct:(SimplerApp.intern)&rows=20} hits=234 status=0 QTime=0 
3192858 INFO  (qtp2059114181-17) [   x:fastnext] o.a.s.c.S.Request [fastnext] webapp=/solr path=/select params={fl=*+score&start=0&q=(h)&wt=json&fq=django_ct:(SimplerApp.intern)&rows=20} hits=2274 status=0 QTime=0 
3192872 INFO  (qtp2059114181-13) [   x:fastnext] o.a.s.c.S.Request [fastnext] webapp=/solr path=/select params={fl=*+score&start=0&q=(ht)&wt=json&fq=django_ct:(SimplerApp.intern)&rows=20} hits=234 status=0 QTime=0 
3193174 INFO  (qtp2059114181-14) [   x:fastnext] o.a.s.c.S.Request [fastnext] webapp=/solr path=/select params={fl=*+score&start=0&q=(htm)&wt=json&fq=django_ct:(SimplerApp.intern)&rows=20} hits=51 status=0 QTime=0 
3193397 INFO  (qtp2059114181-16) [   x:fastnext] o.a.s.c.S.Request [fastnext] webapp=/solr path=/select params={fl=*+score&start=0&q=(html)&wt=json&fq=django_ct:(SimplerApp.intern)&rows=20} hits=32792 status=0 QTime=0 
3194043 INFO  (qtp2059114181-19) [   x:fastnext] o.a.s.c.S.Request [fastnext] webapp=/solr path=/select params={fl=*+score&start=0&q=(html)&wt=json&fq=django_ct:(SimplerApp.intern)&rows=20} hits=32792 status=0 QTime=0 
3194535 INFO  (qtp2059114181-15) [   x:fastnext] o.a.s.c.S.Request [fastnext] webapp=/solr path=/select params={fl=*+score&start=0&q=(html+c)&wt=json&fq=django_ct:(SimplerApp.intern)&rows=20} hits=28918 status=0 QTime=0 
3194820 INFO  (qtp2059114181-12) [   x:fastnext] o.a.s.c.S.Request [fastnext] webapp=/solr path=/select params={fl=*+score&start=0&q=(html+ch)&wt=json&fq=django_ct:(SimplerApp.intern)&rows=20} hits=94 status=0 QTime=1 
3195042 INFO  (qtp2059114181-17) [   x:fastnext] o.a.s.c.S.Request [fastnext] webapp=/solr path=/select params={fl=*+score&start=0&q=(html+che)&wt=json&fq=django_ct:(SimplerApp.intern)&rows=20} hits=27 status=0 QTime=0 
3195506 INFO  (qtp2059114181-18) [   x:fastnext] o.a.s.c.S.Request [fastnext] webapp=/solr path=/select params={fl=*+score&start=0&q=(html+chen)&wt=json&fq=django_ct:(SimplerApp.intern)&rows=20} hits=44 status=0 QTime=0 
3195572 INFO  (qtp2059114181-13) [   x:fastnext] o.a.s.c.S.Request [fastnext] webapp=/solr path=/select params={fl=*+score&start=0&q=(html+chen)&wt=json&fq=django_ct:(SimplerApp.intern)&rows=20} hits=44 status=0 QTime=0 
3195643 INFO  (qtp2059114181-14) [   x:fastnext] o.a.s.c.S.Request [fastnext] webapp=/solr path=/select params={fl=*+score&start=0&q=(html+chenn)&wt=json&fq=django_ct:(SimplerApp.intern)&rows=20} hits=0 status=0 QTime=0 
3195646 INFO  (qtp2059114181-16) [   x:fastnext] o.a.s.c.S.Request [fastnext] webapp=/solr path=/select params={fl=*+score&start=0&q=(html+chenn)&wt=json&fq=django_ct:(SimplerApp.intern)&rows=0} hits=0 status=0 QTime=0 
3196267 INFO  (qtp2059114181-19) [   x:fastnext] o.a.s.c.S.Request [fastnext] webapp=/solr path=/select params={fl=*+score&start=0&q=(html+chenna)&wt=json&fq=django_ct:(SimplerApp.intern)&rows=20} hits=3 status=0 QTime=1 
3196571 INFO  (qtp2059114181-15) [   x:fastnext] o.a.s.c.S.Request [fastnext] webapp=/solr path=/select params={fl=*+score&start=0&q=(html+chennai)&wt=json&fq=django_ct:(SimplerApp.intern)&rows=20} hits=1888 status=0 QTime=0 
3199231 INFO  (qtp2059114181-12) [   x:fastnext] o.a.s.c.S.Request [fastnext] webapp=/solr path=/select params={start=0&q=html+chennai&wt=json&rows=500} hits=1888 status=0 QTime=90 
3293568 INFO  (qtp2059114181-14) [   x:fastnext] o.a.s.c.S.Request [fastnext] webapp=/solr path=/select params={fl=*+score&start=0&q=(h)&wt=json&fq=django_ct:(SimplerApp.intern)&rows=20} hits=2274 status=0 QTime=0 
3293579 INFO  (qtp2059114181-16) [   x:fastnext] o.a.s.c.S.Request [fastnext] webapp=/solr path=/select params={fl=*+score&start=0&q=(h)&wt=json&fq=django_ct:(SimplerApp.intern)&rows=20} hits=2274 status=0 QTime=0 
3293673 INFO  (qtp2059114181-19) [   x:fastnext] o.a.s.c.S.Request [fastnext] webapp=/solr path=/select params={fl=*+score&start=0&q=(ht)&wt=json&fq=django_ct:(SimplerApp.intern)&rows=20} hits=234 status=0 QTime=0 
3294259 INFO  (qtp2059114181-15) [   x:fastnext] o.a.s.c.S.Request [fastnext] webapp=/solr path=/select params={fl=*+score&start=0&q=(h)&wt=json&fq=django_ct:(SimplerApp.intern)&rows=20} hits=2274 status=0 QTime=0 
3294271 INFO  (qtp2059114181-12) [   x:fastnext] o.a.s.c.S.Request [fastnext] webapp=/solr path=/select params={fl=*+score&start=0&q=(h)&wt=json&fq=django_ct:(SimplerApp.intern)&rows=20} hits=2274 status=0 QTime=0 
3294976 INFO  (qtp2059114181-17) [   x:fastnext] o.a.s.c.S.Request [fastnext] webapp=/solr path=/select params={fl=*+score&start=0&q=(an)&wt=json&fq=django_ct:(SimplerApp.intern)&rows=20} hits=0 status=0 QTime=0 
3294980 INFO  (qtp2059114181-18) [   x:fastnext] o.a.s.c.S.Request [fastnext] webapp=/solr path=/select params={fl=*+score&start=0&q=(an)&wt=json&fq=django_ct:(SimplerApp.intern)&rows=0} hits=0 status=0 QTime=0 
3295228 INFO  (qtp2059114181-13) [   x:fastnext] o.a.s.c.S.Request [fastnext] webapp=/solr path=/select params={fl=*+score&start=0&q=(and)&wt=json&fq=django_ct:(SimplerApp.intern)&rows=20} hits=0 status=0 QTime=0 
3295231 INFO  (qtp2059114181-14) [   x:fastnext] o.a.s.c.S.Request [fastnext] webapp=/solr path=/select params={fl=*+score&start=0&q=(and)&wt=json&fq=django_ct:(SimplerApp.intern)&rows=0} hits=0 status=0 QTime=0 
3295328 INFO  (qtp2059114181-16) [   x:fastnext] o.a.s.c.S.Request [fastnext] webapp=/solr path=/select params={fl=*+score&start=0&q=(andr)&wt=json&fq=django_ct:(SimplerApp.intern)&rows=20} hits=32 status=0 QTime=19 
3295480 INFO  (qtp2059114181-19) [   x:fastnext] o.a.s.c.S.Request [fastnext] webapp=/solr path=/select params={fl=*+score&start=0&q=(andro)&wt=json&fq=django_ct:(SimplerApp.intern)&rows=20} hits=9 status=0 QTime=1 
3295574 INFO  (qtp2059114181-15) [   x:fastnext] o.a.s.c.S.Request [fastnext] webapp=/solr path=/select params={fl=*+score&start=0&q=(a)&wt=json&fq=django_ct:(SimplerApp.intern)&rows=20} hits=0 status=0 QTime=0 
3295577 INFO  (qtp2059114181-12) [   x:fastnext] o.a.s.c.S.Request [fastnext] webapp=/solr path=/select params={fl=*+score&start=0&q=(a)&wt=json&fq=django_ct:(SimplerApp.intern)&rows=0} hits=0 status=0 QTime=0 
3295636 INFO  (qtp2059114181-17) [   x:fastnext] o.a.s.c.S.Request [fastnext] webapp=/solr path=/select params={fl=*+score&start=0&q=(androi)&wt=json&fq=django_ct:(SimplerApp.intern)&rows=20} hits=4 status=0 QTime=1 
3295654 INFO  (qtp2059114181-18) [   x:fastnext] o.a.s.c.S.Request [fastnext] webapp=/solr path=/select params={fl=*+score&start=0&q=(android)&wt=json&fq=django_ct:(SimplerApp.intern)&rows=20} hits=18020 status=0 QTime=8 
3295657 INFO  (qtp2059114181-13) [   x:fastnext] o.a.s.c.S.Request [fastnext] webapp=/solr path=/select params={fl=*+score&start=0&q=(android)&wt=json&fq=django_ct:(SimplerApp.intern)&rows=20} hits=18020 status=0 QTime=0 
3295674 INFO  (qtp2059114181-13) [   x:fastnext] o.a.s.c.S.Request [fastnext] webapp=/solr path=/select params={fl=*+score&start=0&q=(android)&wt=json&fq=django_ct:(SimplerApp.intern)&rows=20} hits=18020 status=0 QTime=0 
3295965 INFO  (qtp2059114181-14) [   x:fastnext] o.a.s.c.S.Request [fastnext] webapp=/solr path=/select params={fl=*+score&start=0&q=(android)&wt=json&fq=django_ct:(SimplerApp.intern)&rows=20} hits=18020 status=0 QTime=0 
3297072 INFO  (qtp2059114181-16) [   x:fastnext] o.a.s.c.S.Request [fastnext] webapp=/solr path=/select params={fl=*+score&start=0&q=(android+c)&wt=json&fq=django_ct:(SimplerApp.intern)&rows=20} hits=14301 status=0 QTime=17 
3297168 INFO  (qtp2059114181-19) [   x:fastnext] o.a.s.c.S.Request [fastnext] webapp=/solr path=/select params={fl=*+score&start=0&q=(android+ch)&wt=json&fq=django_ct:(SimplerApp.intern)&rows=20} hits=37 status=0 QTime=18 
3297177 INFO  (qtp2059114181-15) [   x:fastnext] o.a.s.c.S.Request [fastnext] webapp=/solr path=/select params={fl=*+score&start=0&q=(android+ch)&wt=json&fq=django_ct:(SimplerApp.intern)&rows=20} hits=37 status=0 QTime=0 
3297203 INFO  (qtp2059114181-12) [   x:fastnext] o.a.s.c.S.Request [fastnext] webapp=/solr path=/select params={fl=*+score&start=0&q=(android+ch)&wt=json&fq=django_ct:(SimplerApp.intern)&rows=20} hits=37 status=0 QTime=0 
3297555 INFO  (qtp2059114181-17) [   x:fastnext] o.a.s.c.S.Request [fastnext] webapp=/solr path=/select params={fl=*+score&start=0&q=(android+che)&wt=json&fq=django_ct:(SimplerApp.intern)&rows=20} hits=45 status=0 QTime=5 
3297721 INFO  (qtp2059114181-18) [   x:fastnext] o.a.s.c.S.Request [fastnext] webapp=/solr path=/select params={fl=*+score&start=0&q=(android+chen)&wt=json&fq=django_ct:(SimplerApp.intern)&rows=20} hits=21 status=0 QTime=5 
3297880 INFO  (qtp2059114181-13) [   x:fastnext] o.a.s.c.S.Request [fastnext] webapp=/solr path=/select params={fl=*+score&start=0&q=(android+chenn)&wt=json&fq=django_ct:(SimplerApp.intern)&rows=20} hits=0 status=0 QTime=4 
3297884 INFO  (qtp2059114181-13) [   x:fastnext] o.a.s.c.S.Request [fastnext] webapp=/solr path=/select params={fl=*+score&start=0&q=(android+chenn)&wt=json&fq=django_ct:(SimplerApp.intern)&rows=0} hits=0 status=0 QTime=0 
3297968 INFO  (qtp2059114181-14) [   x:fastnext] o.a.s.c.S.Request [fastnext] webapp=/solr path=/select params={fl=*+score&start=0&q=(android+chenna)&wt=json&fq=django_ct:(SimplerApp.intern)&rows=20} hits=0 status=0 QTime=6 
3297972 INFO  (qtp2059114181-14) [   x:fastnext] o.a.s.c.S.Request [fastnext] webapp=/solr path=/select params={fl=*+score&start=0&q=(android+chenna)&wt=json&fq=django_ct:(SimplerApp.intern)&rows=0} hits=0 status=0 QTime=0 
3298085 INFO  (qtp2059114181-16) [   x:fastnext] o.a.s.c.S.Request [fastnext] webapp=/solr path=/select params={fl=*+score&start=0&q=(android+chennai)&wt=json&fq=django_ct:(SimplerApp.intern)&rows=20} hits=1012 status=0 QTime=9 
3298583 INFO  (qtp2059114181-19) [   x:fastnext] o.a.s.c.S.Request [fastnext] webapp=/solr path=/select params={start=0&q=android+chennai&wt=json&rows=500} hits=1012 status=0 QTime=10 
WARNING: Nothing to start, exiting ...

Usage: java -jar start.jar [options] [properties] [configs]
       java -jar start.jar --help  # for more information
WARNING: Nothing to start, exiting ...

Usage: java -jar start.jar [options] [properties] [configs]
       java -jar start.jar --help  # for more information
6168569 INFO  (qtp2059114181-19) [   x:fastnext] o.a.s.c.S.Request [fastnext] webapp=/solr path=/select params={fl=*+score&start=0&q=(h)&wt=json&fq=django_ct:(SimplerApp.intern)&rows=20} hits=2274 status=0 QTime=4 
6168624 INFO  (qtp2059114181-12) [   x:fastnext] o.a.s.c.S.Request [fastnext] webapp=/solr path=/select params={fl=*+score&start=0&q=(h)&wt=json&fq=django_ct:(SimplerApp.intern)&rows=20} hits=2274 status=0 QTime=0 
6169309 INFO  (qtp2059114181-15) [   x:fastnext] o.a.s.c.S.Request [fastnext] webapp=/solr path=/select params={fl=*+score&start=0&q=(a)&wt=json&fq=django_ct:(SimplerApp.intern)&rows=20} hits=0 status=0 QTime=0 
6169313 INFO  (qtp2059114181-17) [   x:fastnext] o.a.s.c.S.Request [fastnext] webapp=/solr path=/select params={fl=*+score&start=0&q=(a)&wt=json&fq=django_ct:(SimplerApp.intern)&rows=0} hits=0 status=0 QTime=0 
6169468 INFO  (qtp2059114181-18) [   x:fastnext] o.a.s.c.S.Request [fastnext] webapp=/solr path=/select params={fl=*+score&start=0&q=(an)&wt=json&fq=django_ct:(SimplerApp.intern)&rows=20} hits=0 status=0 QTime=0 
6169476 INFO  (qtp2059114181-13) [   x:fastnext] o.a.s.c.S.Request [fastnext] webapp=/solr path=/select params={fl=*+score&start=0&q=(an)&wt=json&fq=django_ct:(SimplerApp.intern)&rows=0} hits=0 status=0 QTime=0 
6169714 INFO  (qtp2059114181-14) [   x:fastnext] o.a.s.c.S.Request [fastnext] webapp=/solr path=/select params={fl=*+score&start=0&q=(and)&wt=json&fq=django_ct:(SimplerApp.intern)&rows=20} hits=0 status=0 QTime=0 
6169717 INFO  (qtp2059114181-16) [   x:fastnext] o.a.s.c.S.Request [fastnext] webapp=/solr path=/select params={fl=*+score&start=0&q=(and)&wt=json&fq=django_ct:(SimplerApp.intern)&rows=0} hits=0 status=0 QTime=0 
6169890 INFO  (qtp2059114181-19) [   x:fastnext] o.a.s.c.S.Request [fastnext] webapp=/solr path=/select params={fl=*+score&start=0&q=(andr)&wt=json&fq=django_ct:(SimplerApp.intern)&rows=20} hits=32 status=0 QTime=0 
6169996 INFO  (qtp2059114181-12) [   x:fastnext] o.a.s.c.S.Request [fastnext] webapp=/solr path=/select params={fl=*+score&start=0&q=(andro)&wt=json&fq=django_ct:(SimplerApp.intern)&rows=20} hits=9 status=0 QTime=0 
6170059 INFO  (qtp2059114181-15) [   x:fastnext] o.a.s.c.S.Request [fastnext] webapp=/solr path=/select params={fl=*+score&start=0&q=(androi)&wt=json&fq=django_ct:(SimplerApp.intern)&rows=20} hits=4 status=0 QTime=0 
6170213 INFO  (qtp2059114181-17) [   x:fastnext] o.a.s.c.S.Request [fastnext] webapp=/solr path=/select params={fl=*+score&start=0&q=(android)&wt=json&fq=django_ct:(SimplerApp.intern)&rows=20} hits=18020 status=0 QTime=0 
6170530 INFO  (qtp2059114181-18) [   x:fastnext] o.a.s.c.S.Request [fastnext] webapp=/solr path=/select params={fl=*+score&start=0&q=(android)&wt=json&fq=django_ct:(SimplerApp.intern)&rows=20} hits=18020 status=0 QTime=0 
6170827 INFO  (qtp2059114181-13) [   x:fastnext] o.a.s.c.S.Request [fastnext] webapp=/solr path=/select params={fl=*+score&start=0&q=(android+c)&wt=json&fq=django_ct:(SimplerApp.intern)&rows=20} hits=14301 status=0 QTime=0 
6170976 INFO  (qtp2059114181-14) [   x:fastnext] o.a.s.c.S.Request [fastnext] webapp=/solr path=/select params={fl=*+score&start=0&q=(android+ch)&wt=json&fq=django_ct:(SimplerApp.intern)&rows=20} hits=37 status=0 QTime=0 
6171052 INFO  (qtp2059114181-16) [   x:fastnext] o.a.s.c.S.Request [fastnext] webapp=/solr path=/select params={fl=*+score&start=0&q=(android+che)&wt=json&fq=django_ct:(SimplerApp.intern)&rows=20} hits=45 status=0 QTime=0 
6171244 INFO  (qtp2059114181-19) [   x:fastnext] o.a.s.c.S.Request [fastnext] webapp=/solr path=/select params={fl=*+score&start=0&q=(android+chen)&wt=json&fq=django_ct:(SimplerApp.intern)&rows=20} hits=21 status=0 QTime=0 
6171379 INFO  (qtp2059114181-12) [   x:fastnext] o.a.s.c.S.Request [fastnext] webapp=/solr path=/select params={fl=*+score&start=0&q=(android+chenn)&wt=json&fq=django_ct:(SimplerApp.intern)&rows=20} hits=0 status=0 QTime=0 
6171382 INFO  (qtp2059114181-15) [   x:fastnext] o.a.s.c.S.Request [fastnext] webapp=/solr path=/select params={fl=*+score&start=0&q=(android+chenn)&wt=json&fq=django_ct:(SimplerApp.intern)&rows=0} hits=0 status=0 QTime=0 
6171471 INFO  (qtp2059114181-17) [   x:fastnext] o.a.s.c.S.Request [fastnext] webapp=/solr path=/select params={fl=*+score&start=0&q=(android+chenna)&wt=json&fq=django_ct:(SimplerApp.intern)&rows=20} hits=0 status=0 QTime=0 
6171474 INFO  (qtp2059114181-18) [   x:fastnext] o.a.s.c.S.Request [fastnext] webapp=/solr path=/select params={fl=*+score&start=0&q=(android+chenna)&wt=json&fq=django_ct:(SimplerApp.intern)&rows=0} hits=0 status=0 QTime=0 
6171578 INFO  (qtp2059114181-13) [   x:fastnext] o.a.s.c.S.Request [fastnext] webapp=/solr path=/select params={fl=*+score&start=0&q=(android+chennai)&wt=json&fq=django_ct:(SimplerApp.intern)&rows=20} hits=1012 status=0 QTime=0 
6172120 INFO  (qtp2059114181-14) [   x:fastnext] o.a.s.c.S.Request [fastnext] webapp=/solr path=/select params={start=0&q=android+chennai&wt=json&rows=500} hits=1012 status=0 QTime=85 
6210916 INFO  (qtp2059114181-12) [   x:fastnext] o.a.s.c.S.Request [fastnext] webapp=/solr path=/select params={fl=*+score&start=0&q=(a)&wt=json&fq=django_ct:(SimplerApp.intern)&rows=20} hits=0 status=0 QTime=0 
6210919 INFO  (qtp2059114181-15) [   x:fastnext] o.a.s.c.S.Request [fastnext] webapp=/solr path=/select params={fl=*+score&start=0&q=(a)&wt=json&fq=django_ct:(SimplerApp.intern)&rows=0} hits=0 status=0 QTime=0 
6211058 INFO  (qtp2059114181-17) [   x:fastnext] o.a.s.c.S.Request [fastnext] webapp=/solr path=/select params={fl=*+score&start=0&q=(an)&wt=json&fq=django_ct:(SimplerApp.intern)&rows=20} hits=0 status=0 QTime=0 
6211061 INFO  (qtp2059114181-18) [   x:fastnext] o.a.s.c.S.Request [fastnext] webapp=/solr path=/select params={fl=*+score&start=0&q=(an)&wt=json&fq=django_ct:(SimplerApp.intern)&rows=0} hits=0 status=0 QTime=0 
6211176 INFO  (qtp2059114181-13) [   x:fastnext] o.a.s.c.S.Request [fastnext] webapp=/solr path=/select params={fl=*+score&start=0&q=(and)&wt=json&fq=django_ct:(SimplerApp.intern)&rows=20} hits=0 status=0 QTime=0 
6211179 INFO  (qtp2059114181-14) [   x:fastnext] o.a.s.c.S.Request [fastnext] webapp=/solr path=/select params={fl=*+score&start=0&q=(and)&wt=json&fq=django_ct:(SimplerApp.intern)&rows=0} hits=0 status=0 QTime=0 
6211432 INFO  (qtp2059114181-16) [   x:fastnext] o.a.s.c.S.Request [fastnext] webapp=/solr path=/select params={fl=*+score&start=0&q=(andr)&wt=json&fq=django_ct:(SimplerApp.intern)&rows=20} hits=32 status=0 QTime=1 
6211540 INFO  (qtp2059114181-19) [   x:fastnext] o.a.s.c.S.Request [fastnext] webapp=/solr path=/select params={fl=*+score&start=0&q=(andro)&wt=json&fq=django_ct:(SimplerApp.intern)&rows=20} hits=9 status=0 QTime=0 
6211652 INFO  (qtp2059114181-12) [   x:fastnext] o.a.s.c.S.Request [fastnext] webapp=/solr path=/select params={fl=*+score&start=0&q=(androi)&wt=json&fq=django_ct:(SimplerApp.intern)&rows=20} hits=4 status=0 QTime=0 
6211776 INFO  (qtp2059114181-15) [   x:fastnext] o.a.s.c.S.Request [fastnext] webapp=/solr path=/select params={fl=*+score&start=0&q=(android)&wt=json&fq=django_ct:(SimplerApp.intern)&rows=20} hits=18020 status=0 QTime=0 
6212044 INFO  (qtp2059114181-17) [   x:fastnext] o.a.s.c.S.Request [fastnext] webapp=/solr path=/select params={fl=*+score&start=0&q=(android)&wt=json&fq=django_ct:(SimplerApp.intern)&rows=20} hits=18020 status=0 QTime=0 
6212275 INFO  (qtp2059114181-18) [   x:fastnext] o.a.s.c.S.Request [fastnext] webapp=/solr path=/select params={fl=*+score&start=0&q=(android+c)&wt=json&fq=django_ct:(SimplerApp.intern)&rows=20} hits=14301 status=0 QTime=1 
6212528 INFO  (qtp2059114181-13) [   x:fastnext] o.a.s.c.S.Request [fastnext] webapp=/solr path=/select params={fl=*+score&start=0&q=(android+ch)&wt=json&fq=django_ct:(SimplerApp.intern)&rows=20} hits=37 status=0 QTime=0 
6212626 INFO  (qtp2059114181-14) [   x:fastnext] o.a.s.c.S.Request [fastnext] webapp=/solr path=/select params={fl=*+score&start=0&q=(android+che)&wt=json&fq=django_ct:(SimplerApp.intern)&rows=20} hits=45 status=0 QTime=0 
6212775 INFO  (qtp2059114181-16) [   x:fastnext] o.a.s.c.S.Request [fastnext] webapp=/solr path=/select params={fl=*+score&start=0&q=(android+chen)&wt=json&fq=django_ct:(SimplerApp.intern)&rows=20} hits=21 status=0 QTime=1 
6212914 INFO  (qtp2059114181-19) [   x:fastnext] o.a.s.c.S.Request [fastnext] webapp=/solr path=/select params={fl=*+score&start=0&q=(android+chenn)&wt=json&fq=django_ct:(SimplerApp.intern)&rows=20} hits=0 status=0 QTime=0 
6212918 INFO  (qtp2059114181-12) [   x:fastnext] o.a.s.c.S.Request [fastnext] webapp=/solr path=/select params={fl=*+score&start=0&q=(android+chenn)&wt=json&fq=django_ct:(SimplerApp.intern)&rows=0} hits=0 status=0 QTime=0 
6213003 INFO  (qtp2059114181-15) [   x:fastnext] o.a.s.c.S.Request [fastnext] webapp=/solr path=/select params={fl=*+score&start=0&q=(android+chenna)&wt=json&fq=django_ct:(SimplerApp.intern)&rows=20} hits=0 status=0 QTime=0 
6213006 INFO  (qtp2059114181-17) [   x:fastnext] o.a.s.c.S.Request [fastnext] webapp=/solr path=/select params={fl=*+score&start=0&q=(android+chenna)&wt=json&fq=django_ct:(SimplerApp.intern)&rows=0} hits=0 status=0 QTime=0 
6213118 INFO  (qtp2059114181-18) [   x:fastnext] o.a.s.c.S.Request [fastnext] webapp=/solr path=/select params={fl=*+score&start=0&q=(android+chennai)&wt=json&fq=django_ct:(SimplerApp.intern)&rows=20} hits=1012 status=0 QTime=1 
6213327 INFO  (qtp2059114181-13) [   x:fastnext] o.a.s.c.S.Request [fastnext] webapp=/solr path=/select params={start=0&q=android+chennai&wt=json&rows=500} hits=1012 status=0 QTime=5 
6761092 INFO  (qtp2059114181-19) [   x:fastnext] o.a.s.c.S.Request [fastnext] webapp=/solr path=/select params={fl=*+score&start=0&q=(h)&wt=json&fq=django_ct:(SimplerApp.intern)&rows=20} hits=2274 status=0 QTime=0 
6761102 INFO  (qtp2059114181-12) [   x:fastnext] o.a.s.c.S.Request [fastnext] webapp=/solr path=/select params={fl=*+score&start=0&q=(h)&wt=json&fq=django_ct:(SimplerApp.intern)&rows=20} hits=2274 status=0 QTime=0 
6761461 INFO  (qtp2059114181-15) [   x:fastnext] o.a.s.c.S.Request [fastnext] webapp=/solr path=/select params={fl=*+score&start=0&q=(htm)&wt=json&fq=django_ct:(SimplerApp.intern)&rows=20} hits=51 status=0 QTime=0 
6762111 INFO  (qtp2059114181-17) [   x:fastnext] o.a.s.c.S.Request [fastnext] webapp=/solr path=/select params={fl=*+score&start=0&q=(html)&wt=json&fq=django_ct:(SimplerApp.intern)&rows=20} hits=32792 status=0 QTime=0 
6762396 INFO  (qtp2059114181-18) [   x:fastnext] o.a.s.c.S.Request [fastnext] webapp=/solr path=/select params={fl=*+score&start=0&q=(ht)&wt=json&fq=django_ct:(SimplerApp.intern)&rows=20} hits=234 status=0 QTime=0 
6763172 INFO  (qtp2059114181-14) [   x:fastnext] o.a.s.c.S.Request [fastnext] webapp=/solr path=/select params={fl=*+score&start=0&q=(html)&wt=json&fq=django_ct:(SimplerApp.intern)&rows=20} hits=32792 status=0 QTime=0 
6763792 INFO  (qtp2059114181-13) [   x:fastnext] o.a.s.c.S.Request [fastnext] webapp=/solr path=/select params={fl=*+score&start=0&q=(html+c)&wt=json&fq=django_ct:(SimplerApp.intern)&rows=20} hits=28918 status=0 QTime=0 
6764442 INFO  (qtp2059114181-16) [   x:fastnext] o.a.s.c.S.Request [fastnext] webapp=/solr path=/select params={fl=*+score&start=0&q=(html+ch)&wt=json&fq=django_ct:(SimplerApp.intern)&rows=20} hits=94 status=0 QTime=0 
6764874 INFO  (qtp2059114181-19) [   x:fastnext] o.a.s.c.S.Request [fastnext] webapp=/solr path=/select params={fl=*+score&start=0&q=(html+che)&wt=json&fq=django_ct:(SimplerApp.intern)&rows=20} hits=27 status=0 QTime=0 
6765614 INFO  (qtp2059114181-12) [   x:fastnext] o.a.s.c.S.Request [fastnext] webapp=/solr path=/select params={fl=*+score&start=0&q=(html+chen)&wt=json&fq=django_ct:(SimplerApp.intern)&rows=20} hits=44 status=0 QTime=0 
6765652 INFO  (qtp2059114181-15) [   x:fastnext] o.a.s.c.S.Request [fastnext] webapp=/solr path=/select params={fl=*+score&start=0&q=(html+chen)&wt=json&fq=django_ct:(SimplerApp.intern)&rows=20} hits=44 status=0 QTime=0 
6765848 INFO  (qtp2059114181-17) [   x:fastnext] o.a.s.c.S.Request [fastnext] webapp=/solr path=/select params={fl=*+score&start=0&q=(html+chenn)&wt=json&fq=django_ct:(SimplerApp.intern)&rows=20} hits=0 status=0 QTime=0 
6765851 INFO  (qtp2059114181-18) [   x:fastnext] o.a.s.c.S.Request [fastnext] webapp=/solr path=/select params={fl=*+score&start=0&q=(html+chenn)&wt=json&fq=django_ct:(SimplerApp.intern)&rows=0} hits=0 status=0 QTime=0 
6766314 INFO  (qtp2059114181-14) [   x:fastnext] o.a.s.c.S.Request [fastnext] webapp=/solr path=/select params={fl=*+score&start=0&q=(html+chenna)&wt=json&fq=django_ct:(SimplerApp.intern)&rows=20} hits=3 status=0 QTime=0 
6766911 INFO  (qtp2059114181-13) [   x:fastnext] o.a.s.c.S.Request [fastnext] webapp=/solr path=/select params={fl=*+score&start=0&q=(html+chennai)&wt=json&fq=django_ct:(SimplerApp.intern)&rows=20} hits=1888 status=0 QTime=0 
6768588 INFO  (qtp2059114181-16) [   x:fastnext] o.a.s.c.S.Request [fastnext] webapp=/solr path=/select params={start=0&q=html+chennai&wt=json&rows=500} hits=1888 status=0 QTime=31 
6848539 INFO  (qtp2059114181-17) [   x:fastnext] o.a.s.c.S.Request [fastnext] webapp=/solr path=/select params={fl=*+score&start=0&q=(a+chennai)&wt=json&fq=django_ct:(SimplerApp.intern)&rows=20} hits=7210 status=0 QTime=3 
6848738 INFO  (qtp2059114181-18) [   x:fastnext] o.a.s.c.S.Request [fastnext] webapp=/solr path=/select params={fl=*+score&start=0&q=(an+chennai)&wt=json&fq=django_ct:(SimplerApp.intern)&rows=20} hits=7210 status=0 QTime=0 
6849345 INFO  (qtp2059114181-14) [   x:fastnext] o.a.s.c.S.Request [fastnext] webapp=/solr path=/select params={fl=*+score&start=0&q=(and+chennai)&wt=json&fq=django_ct:(SimplerApp.intern)&rows=20} hits=7210 status=0 QTime=0 
6849752 INFO  (qtp2059114181-13) [   x:fastnext] o.a.s.c.S.Request [fastnext] webapp=/solr path=/select params={fl=*+score&start=0&q=(andr+chennai)&wt=json&fq=django_ct:(SimplerApp.intern)&rows=20} hits=2 status=0 QTime=3 
6850485 INFO  (qtp2059114181-16) [   x:fastnext] o.a.s.c.S.Request [fastnext] webapp=/solr path=/select params={fl=*+score&start=0&q=(andro+chennai)&wt=json&fq=django_ct:(SimplerApp.intern)&rows=20} hits=0 status=0 QTime=2 
6850489 INFO  (qtp2059114181-16) [   x:fastnext] o.a.s.c.S.Request [fastnext] webapp=/solr path=/select params={fl=*+score&start=0&q=(andro+chennai)&wt=json&fq=django_ct:(SimplerApp.intern)&rows=0} hits=0 status=0 QTime=0 
6850890 INFO  (qtp2059114181-19) [   x:fastnext] o.a.s.c.S.Request [fastnext] webapp=/solr path=/select params={fl=*+score&start=0&q=(androi+chennai)&wt=json&fq=django_ct:(SimplerApp.intern)&rows=20} hits=1 status=0 QTime=3 
6851610 INFO  (qtp2059114181-12) [   x:fastnext] o.a.s.c.S.Request [fastnext] webapp=/solr path=/select params={fl=*+score&start=0&q=(android+chennai)&wt=json&fq=django_ct:(SimplerApp.intern)&rows=20} hits=1012 status=0 QTime=0 
6854460 INFO  (qtp2059114181-13) [   x:fastnext] o.a.s.c.S.Request [fastnext] webapp=/solr path=/select params={start=0&q=android+chennai&wt=json&rows=500} hits=1012 status=0 QTime=4 
7902086 INFO  (qtp2059114181-15) [   x:fastnext] o.a.s.c.S.Request [fastnext] webapp=/solr path=/select params={fl=*+score&start=0&q=(a+chennai)&wt=json&fq=django_ct:(SimplerApp.intern)&rows=20} hits=7210 status=0 QTime=0 
7902399 INFO  (qtp2059114181-17) [   x:fastnext] o.a.s.c.S.Request [fastnext] webapp=/solr path=/select params={fl=*+score&start=0&q=(ap+chennai)&wt=json&fq=django_ct:(SimplerApp.intern)&rows=20} hits=72 status=0 QTime=8 
7902806 INFO  (qtp2059114181-18) [   x:fastnext] o.a.s.c.S.Request [fastnext] webapp=/solr path=/select params={fl=*+score&start=0&q=(api+chennai)&wt=json&fq=django_ct:(SimplerApp.intern)&rows=20} hits=349 status=0 QTime=13 
7905081 INFO  (qtp2059114181-16) [   x:fastnext] o.a.s.c.S.Request [fastnext] webapp=/solr path=/select params={start=0&q=api+chennai&wt=json&rows=500} hits=349 status=0 QTime=3 
18335916 INFO  (qtp2059114181-12) [   x:fastnext] o.a.s.c.S.Request [fastnext] webapp=/solr path=/select params={fl=*+score&start=0&q=(c)&wt=json&fq=django_ct:(SimplerApp.intern)&rows=20} hits=63972 status=0 QTime=30 
18336352 INFO  (qtp2059114181-15) [   x:fastnext] o.a.s.c.S.Request [fastnext] webapp=/solr path=/select params={fl=*+score&start=0&q=(ch)&wt=json&fq=django_ct:(SimplerApp.intern)&rows=20} hits=351 status=0 QTime=4 
18338277 INFO  (qtp2059114181-13) [   x:fastnext] o.a.s.c.S.Request [fastnext] webapp=/solr path=/select params={fl=*+score&start=0&q=(c)&wt=json&fq=django_ct:(SimplerApp.intern)&rows=20} hits=63972 status=0 QTime=0 
18339821 INFO  (qtp2059114181-16) [   x:fastnext] o.a.s.c.S.Request [fastnext] webapp=/solr path=/select params={fl=*+score&start=0&q=(p)&wt=json&fq=django_ct:(SimplerApp.intern)&rows=20} hits=31717 status=0 QTime=36 
18340572 INFO  (qtp2059114181-12) [   x:fastnext] o.a.s.c.S.Request [fastnext] webapp=/solr path=/select params={fl=*+score&start=0&q=(py)&wt=json&fq=django_ct:(SimplerApp.intern)&rows=20} hits=53 status=0 QTime=8 
18341663 INFO  (qtp2059114181-17) [   x:fastnext] o.a.s.c.S.Request [fastnext] webapp=/solr path=/select params={fl=*+score&start=0&q=(pyt)&wt=json&fq=django_ct:(SimplerApp.intern)&rows=20} hits=0 status=0 QTime=1 
18341667 INFO  (qtp2059114181-18) [   x:fastnext] o.a.s.c.S.Request [fastnext] webapp=/solr path=/select params={fl=*+score&start=0&q=(pyt)&wt=json&fq=django_ct:(SimplerApp.intern)&rows=0} hits=0 status=0 QTime=0 
18341935 INFO  (qtp2059114181-13) [   x:fastnext] o.a.s.c.S.Request [fastnext] webapp=/solr path=/select params={fl=*+score&start=0&q=(pyth)&wt=json&fq=django_ct:(SimplerApp.intern)&rows=20} hits=6 status=0 QTime=1 
18342453 INFO  (qtp2059114181-14) [   x:fastnext] o.a.s.c.S.Request [fastnext] webapp=/solr path=/select params={fl=*+score&start=0&q=(pytho)&wt=json&fq=django_ct:(SimplerApp.intern)&rows=20} hits=0 status=0 QTime=1 
18342456 INFO  (qtp2059114181-16) [   x:fastnext] o.a.s.c.S.Request [fastnext] webapp=/solr path=/select params={fl=*+score&start=0&q=(pytho)&wt=json&fq=django_ct:(SimplerApp.intern)&rows=0} hits=0 status=0 QTime=0 
18342912 INFO  (qtp2059114181-19) [   x:fastnext] o.a.s.c.S.Request [fastnext] webapp=/solr path=/select params={fl=*+score&start=0&q=(python)&wt=json&fq=django_ct:(SimplerApp.intern)&rows=20} hits=21849 status=0 QTime=8 
18344555 INFO  (qtp2059114181-12) [   x:fastnext] o.a.s.c.S.Request [fastnext] webapp=/solr path=/select params={start=0&q=python&wt=json&rows=500} hits=21849 status=0 QTime=2 
18464370 INFO  (qtp2059114181-15) [   x:fastnext] o.a.s.c.S.Request [fastnext] webapp=/solr path=/select params={fl=*+score&start=0&q=(a)&wt=json&fq=django_ct:(SimplerApp.intern)&rows=20} hits=0 status=0 QTime=0 
18464373 INFO  (qtp2059114181-17) [   x:fastnext] o.a.s.c.S.Request [fastnext] webapp=/solr path=/select params={fl=*+score&start=0&q=(a)&wt=json&fq=django_ct:(SimplerApp.intern)&rows=0} hits=0 status=0 QTime=0 
18464696 INFO  (qtp2059114181-18) [   x:fastnext] o.a.s.c.S.Request [fastnext] webapp=/solr path=/select params={fl=*+score&start=0&q=(ar)&wt=json&fq=django_ct:(SimplerApp.intern)&rows=20} hits=447 status=0 QTime=0 
18464981 INFO  (qtp2059114181-13) [   x:fastnext] o.a.s.c.S.Request [fastnext] webapp=/solr path=/select params={fl=*+score&start=0&q=(ara)&wt=json&fq=django_ct:(SimplerApp.intern)&rows=20} hits=53 status=0 QTime=0 
18465081 INFO  (qtp2059114181-14) [   x:fastnext] o.a.s.c.S.Request [fastnext] webapp=/solr path=/select params={fl=*+score&start=0&q=(aran)&wt=json&fq=django_ct:(SimplerApp.intern)&rows=20} hits=2 status=0 QTime=0 
18465304 INFO  (qtp2059114181-16) [   x:fastnext] o.a.s.c.S.Request [fastnext] webapp=/solr path=/select params={fl=*+score&start=0&q=(arang)&wt=json&fq=django_ct:(SimplerApp.intern)&rows=20} hits=2 status=0 QTime=0 
18465427 INFO  (qtp2059114181-19) [   x:fastnext] o.a.s.c.S.Request [fastnext] webapp=/solr path=/select params={fl=*+score&start=0&q=(arangi)&wt=json&fq=django_ct:(SimplerApp.intern)&rows=20} hits=3 status=0 QTime=0 
18488810 INFO  (qtp2059114181-15) [   x:fastnext] o.a.s.c.S.Request [fastnext] webapp=/solr path=/select params={fl=*+score&start=0&q=(h)&wt=json&fq=django_ct:(SimplerApp.intern)&rows=20} hits=2274 status=0 QTime=0 
18488821 INFO  (qtp2059114181-17) [   x:fastnext] o.a.s.c.S.Request [fastnext] webapp=/solr path=/select params={fl=*+score&start=0&q=(h)&wt=json&fq=django_ct:(SimplerApp.intern)&rows=20} hits=2274 status=0 QTime=0 
18488986 INFO  (qtp2059114181-18) [   x:fastnext] o.a.s.c.S.Request [fastnext] webapp=/solr path=/select params={fl=*+score&start=0&q=(ht)&wt=json&fq=django_ct:(SimplerApp.intern)&rows=20} hits=234 status=0 QTime=0 
18489173 INFO  (qtp2059114181-13) [   x:fastnext] o.a.s.c.S.Request [fastnext] webapp=/solr path=/select params={fl=*+score&start=0&q=(htm)&wt=json&fq=django_ct:(SimplerApp.intern)&rows=20} hits=51 status=0 QTime=0 
18489434 INFO  (qtp2059114181-14) [   x:fastnext] o.a.s.c.S.Request [fastnext] webapp=/solr path=/select params={fl=*+score&start=0&q=(html)&wt=json&fq=django_ct:(SimplerApp.intern)&rows=20} hits=32792 status=0 QTime=0 
18490024 INFO  (qtp2059114181-16) [   x:fastnext] o.a.s.c.S.Request [fastnext] webapp=/solr path=/select params={start=0&q=html&wt=json&rows=500} hits=32792 status=0 QTime=3 
18501574 INFO  (qtp2059114181-12) [   x:fastnext] o.a.s.c.S.Request [fastnext] webapp=/solr path=/select params={fl=*+score&start=0&q=(i)&wt=json&fq=django_ct:(SimplerApp.intern)&rows=20} hits=64312 status=0 QTime=8 
18501698 INFO  (qtp2059114181-15) [   x:fastnext] o.a.s.c.S.Request [fastnext] webapp=/solr path=/select params={fl=*+score&start=0&q=(ii)&wt=json&fq=django_ct:(SimplerApp.intern)&rows=20} hits=7551 status=0 QTime=3 
18501803 INFO  (qtp2059114181-17) [   x:fastnext] o.a.s.c.S.Request [fastnext] webapp=/solr path=/select params={fl=*+score&start=0&q=(iit)&wt=json&fq=django_ct:(SimplerApp.intern)&rows=20} hits=16206 status=0 QTime=3 
18640651 INFO  (qtp2059114181-12) [   x:fastnext] o.a.s.c.S.Request [fastnext] webapp=/solr path=/select params={fl=*+score&start=0&q=(a)&wt=json&fq=django_ct:(SimplerApp.intern)&rows=20} hits=0 status=0 QTime=0 
18640654 INFO  (qtp2059114181-15) [   x:fastnext] o.a.s.c.S.Request [fastnext] webapp=/solr path=/select params={fl=*+score&start=0&q=(a)&wt=json&fq=django_ct:(SimplerApp.intern)&rows=0} hits=0 status=0 QTime=0 
18640815 INFO  (qtp2059114181-17) [   x:fastnext] o.a.s.c.S.Request [fastnext] webapp=/solr path=/select params={fl=*+score&start=0&q=(ab)&wt=json&fq=django_ct:(SimplerApp.intern)&rows=20} hits=693 status=0 QTime=13 
18640904 INFO  (qtp2059114181-18) [   x:fastnext] o.a.s.c.S.Request [fastnext] webapp=/solr path=/select params={fl=*+score&start=0&q=(abc)&wt=json&fq=django_ct:(SimplerApp.intern)&rows=20} hits=196 status=0 QTime=2 
18702465 INFO  (qtp2059114181-14) [   x:fastnext] o.a.s.c.S.Request [fastnext] webapp=/solr path=/select params={fl=*+score&start=0&q=(h)&wt=json&fq=django_ct:(SimplerApp.intern)&rows=20} hits=2274 status=0 QTime=0 
18702475 INFO  (qtp2059114181-16) [   x:fastnext] o.a.s.c.S.Request [fastnext] webapp=/solr path=/select params={fl=*+score&start=0&q=(h)&wt=json&fq=django_ct:(SimplerApp.intern)&rows=20} hits=2274 status=0 QTime=0 
18702762 INFO  (qtp2059114181-19) [   x:fastnext] o.a.s.c.S.Request [fastnext] webapp=/solr path=/select params={fl=*+score&start=0&q=(ha)&wt=json&fq=django_ct:(SimplerApp.intern)&rows=20} hits=20518 status=0 QTime=10 
18703629 INFO  (qtp2059114181-12) [   x:fastnext] o.a.s.c.S.Request [fastnext] webapp=/solr path=/select params={fl=*+score&start=0&q=(ha)&wt=json&fq=django_ct:(SimplerApp.intern)&rows=20} hits=20518 status=0 QTime=0 
18703836 INFO  (qtp2059114181-15) [   x:fastnext] o.a.s.c.S.Request [fastnext] webapp=/solr path=/select params={fl=*+score&start=0&q=(ha%3D)&wt=json&fq=django_ct:(SimplerApp.intern)&rows=20} hits=20518 status=0 QTime=0 
18703915 INFO  (qtp2059114181-17) [   x:fastnext] o.a.s.c.S.Request [fastnext] webapp=/solr path=/select params={fl=*+score&start=0&q=(h)&wt=json&fq=django_ct:(SimplerApp.intern)&rows=20} hits=2274 status=0 QTime=0 
18703924 INFO  (qtp2059114181-18) [   x:fastnext] o.a.s.c.S.Request [fastnext] webapp=/solr path=/select params={fl=*+score&start=0&q=(h)&wt=json&fq=django_ct:(SimplerApp.intern)&rows=20} hits=2274 status=0 QTime=0 
18704742 INFO  (qtp2059114181-13) [   x:fastnext] o.a.s.c.S.Request [fastnext] webapp=/solr path=/select params={fl=*+score&start=0&q=(p)&wt=json&fq=django_ct:(SimplerApp.intern)&rows=20} hits=31717 status=0 QTime=0 
18705040 INFO  (qtp2059114181-14) [   x:fastnext] o.a.s.c.S.Request [fastnext] webapp=/solr path=/select params={fl=*+score&start=0&q=(py)&wt=json&fq=django_ct:(SimplerApp.intern)&rows=20} hits=53 status=0 QTime=0 
18705271 INFO  (qtp2059114181-16) [   x:fastnext] o.a.s.c.S.Request [fastnext] webapp=/solr path=/select params={fl=*+score&start=0&q=(pyt)&wt=json&fq=django_ct:(SimplerApp.intern)&rows=20} hits=0 status=0 QTime=0 
18705274 INFO  (qtp2059114181-19) [   x:fastnext] o.a.s.c.S.Request [fastnext] webapp=/solr path=/select params={fl=*+score&start=0&q=(pyt)&wt=json&fq=django_ct:(SimplerApp.intern)&rows=0} hits=0 status=0 QTime=0 
18705347 INFO  (qtp2059114181-12) [   x:fastnext] o.a.s.c.S.Request [fastnext] webapp=/solr path=/select params={fl=*+score&start=0&q=(pyth)&wt=json&fq=django_ct:(SimplerApp.intern)&rows=20} hits=6 status=0 QTime=0 
18705542 INFO  (qtp2059114181-15) [   x:fastnext] o.a.s.c.S.Request [fastnext] webapp=/solr path=/select params={fl=*+score&start=0&q=(pytho)&wt=json&fq=django_ct:(SimplerApp.intern)&rows=20} hits=0 status=0 QTime=0 
18705545 INFO  (qtp2059114181-17) [   x:fastnext] o.a.s.c.S.Request [fastnext] webapp=/solr path=/select params={fl=*+score&start=0&q=(pytho)&wt=json&fq=django_ct:(SimplerApp.intern)&rows=0} hits=0 status=0 QTime=0 
18705728 INFO  (qtp2059114181-18) [   x:fastnext] o.a.s.c.S.Request [fastnext] webapp=/solr path=/select params={fl=*+score&start=0&q=(python)&wt=json&fq=django_ct:(SimplerApp.intern)&rows=20} hits=21849 status=0 QTime=0 
18706462 INFO  (qtp2059114181-13) [   x:fastnext] o.a.s.c.S.Request [fastnext] webapp=/solr path=/select params={start=0&q=python&wt=json&rows=500} hits=21849 status=0 QTime=3 
18909702 INFO  (qtp2059114181-14) [   x:fastnext] o.a.s.c.S.Request [fastnext] webapp=/solr path=/select params={fl=*+score&start=0&q=(d)&wt=json&fq=django_ct:(SimplerApp.intern)&rows=20} hits=8301 status=0 QTime=26 
18909989 INFO  (qtp2059114181-16) [   x:fastnext] o.a.s.c.S.Request [fastnext] webapp=/solr path=/select params={fl=*+score&start=0&q=(dj)&wt=json&fq=django_ct:(SimplerApp.intern)&rows=20} hits=200 status=0 QTime=13 
18909999 INFO  (qtp2059114181-19) [   x:fastnext] o.a.s.c.S.Request [fastnext] webapp=/solr path=/select params={fl=*+score&start=0&q=(dja)&wt=json&fq=django_ct:(SimplerApp.intern)&rows=20} hits=0 status=0 QTime=1 
18910001 INFO  (qtp2059114181-12) [   x:fastnext] o.a.s.c.S.Request [fastnext] webapp=/solr path=/select params={fl=*+score&start=0&q=(dja)&wt=json&fq=django_ct:(SimplerApp.intern)&rows=0} hits=0 status=0 QTime=0 
18910017 INFO  (qtp2059114181-15) [   x:fastnext] o.a.s.c.S.Request [fastnext] webapp=/solr path=/select params={fl=*+score&start=0&q=(dja)&wt=json&fq=django_ct:(SimplerApp.intern)&rows=0} hits=0 status=0 QTime=0 
18910121 INFO  (qtp2059114181-17) [   x:fastnext] o.a.s.c.S.Request [fastnext] webapp=/solr path=/select params={fl=*+score&start=0&q=(djan)&wt=json&fq=django_ct:(SimplerApp.intern)&rows=20} hits=0 status=0 QTime=1 
18910124 INFO  (qtp2059114181-18) [   x:fastnext] o.a.s.c.S.Request [fastnext] webapp=/solr path=/select params={fl=*+score&start=0&q=(djan)&wt=json&fq=django_ct:(SimplerApp.intern)&rows=0} hits=0 status=0 QTime=0 
18910343 INFO  (qtp2059114181-13) [   x:fastnext] o.a.s.c.S.Request [fastnext] webapp=/solr path=/select params={fl=*+score&start=0&q=(djang)&wt=json&fq=django_ct:(SimplerApp.intern)&rows=20} hits=0 status=0 QTime=1 
18910346 INFO  (qtp2059114181-14) [   x:fastnext] o.a.s.c.S.Request [fastnext] webapp=/solr path=/select params={fl=*+score&start=0&q=(djang)&wt=json&fq=django_ct:(SimplerApp.intern)&rows=0} hits=0 status=0 QTime=0 
18910513 INFO  (qtp2059114181-16) [   x:fastnext] o.a.s.c.S.Request [fastnext] webapp=/solr path=/select params={fl=*+score&start=0&q=(django)&wt=json&fq=django_ct:(SimplerApp.intern)&rows=20} hits=1889 status=0 QTime=2 
18911166 INFO  (qtp2059114181-19) [   x:fastnext] o.a.s.c.S.Request [fastnext] webapp=/solr path=/select params={start=0&q=django&wt=json&rows=500} hits=1889 status=0 QTime=1 
18925280 INFO  (qtp2059114181-13) [   x:fastnext] o.a.s.c.S.Request [fastnext] webapp=/solr path=/select params={fl=*+score&start=0&q=(s)&wt=json&fq=django_ct:(SimplerApp.intern)&rows=20} hits=50179 status=0 QTime=0 
18925405 INFO  (qtp2059114181-16) [   x:fastnext] o.a.s.c.S.Request [fastnext] webapp=/solr path=/select params={fl=*+score&start=0&q=(sr)&wt=json&fq=django_ct:(SimplerApp.intern)&rows=20} hits=3009 status=0 QTime=0 
18925554 INFO  (qtp2059114181-12) [   x:fastnext] o.a.s.c.S.Request [fastnext] webapp=/solr path=/select params={fl=*+score&start=0&q=(sri)&wt=json&fq=django_ct:(SimplerApp.intern)&rows=20} hits=4976 status=0 QTime=0 
18925838 INFO  (qtp2059114181-15) [   x:fastnext] o.a.s.c.S.Request [fastnext] webapp=/solr path=/select params={fl=*+score&start=0&q=(sri)&wt=json&fq=django_ct:(SimplerApp.intern)&rows=20} hits=4976 status=0 QTime=0 
18925854 INFO  (qtp2059114181-17) [   x:fastnext] o.a.s.c.S.Request [fastnext] webapp=/solr path=/select params={fl=*+score&start=0&q=(sri+h)&wt=json&fq=django_ct:(SimplerApp.intern)&rows=20} hits=95 status=0 QTime=0 
18926033 INFO  (qtp2059114181-18) [   x:fastnext] o.a.s.c.S.Request [fastnext] webapp=/solr path=/select params={fl=*+score&start=0&q=(sri+ha)&wt=json&fq=django_ct:(SimplerApp.intern)&rows=20} hits=1089 status=0 QTime=0 
18926966 INFO  (qtp2059114181-13) [   x:fastnext] o.a.s.c.S.Request [fastnext] webapp=/solr path=/select params={fl=*+score&start=0&q=(sri+har)&wt=json&fq=django_ct:(SimplerApp.intern)&rows=20} hits=52 status=0 QTime=0 
18927100 INFO  (qtp2059114181-14) [   x:fastnext] o.a.s.c.S.Request [fastnext] webapp=/solr path=/select params={fl=*+score&start=0&q=(sri+hars)&wt=json&fq=django_ct:(SimplerApp.intern)&rows=20} hits=52 status=0 QTime=0 
18927254 INFO  (qtp2059114181-16) [   x:fastnext] o.a.s.c.S.Request [fastnext] webapp=/solr path=/select params={fl=*+score&start=0&q=(sri+harsh)&wt=json&fq=django_ct:(SimplerApp.intern)&rows=20} hits=5 status=0 QTime=0 
18927282 INFO  (qtp2059114181-12) [   x:fastnext] o.a.s.c.S.Request [fastnext] webapp=/solr path=/select params={fl=*+score&start=0&q=(sri+harsha)&wt=json&fq=django_ct:(SimplerApp.intern)&rows=20} hits=59 status=0 QTime=0 
18927790 INFO  (qtp2059114181-15) [   x:fastnext] o.a.s.c.S.Request [fastnext] webapp=/solr path=/select params={start=0&q=sri+harsha&wt=json&rows=500} hits=59 status=0 QTime=26 
26078033 INFO  (qtp2059114181-19) [   x:fastnext] o.a.s.c.S.Request [fastnext] webapp=/solr path=/select params={fl=*+score&start=0&q=(AngularJS)&wt=json&fq=django_ct:(SimplerApp.intern)&rows=20} hits=1787 status=0 QTime=5 
26079393 INFO  (qtp2059114181-18) [   x:fastnext] o.a.s.c.S.Request [fastnext] webapp=/solr path=/select params={fl=*+score&start=0&q=(AngularJS)&wt=json&fq=django_ct:(SimplerApp.intern)&rows=20} hits=1787 status=0 QTime=0 
26080706 INFO  (qtp2059114181-15) [   x:fastnext] o.a.s.c.S.Request [fastnext] webapp=/solr path=/select params={fl=*+score&start=0&q=(AngularJS+i)&wt=json&fq=django_ct:(SimplerApp.intern)&rows=20} hits=1310 status=0 QTime=7 
26080882 INFO  (qtp2059114181-13) [   x:fastnext] o.a.s.c.S.Request [fastnext] webapp=/solr path=/select params={fl=*+score&start=0&q=(AngularJS+ii)&wt=json&fq=django_ct:(SimplerApp.intern)&rows=20} hits=213 status=0 QTime=6 
26081261 INFO  (qtp2059114181-14) [   x:fastnext] o.a.s.c.S.Request [fastnext] webapp=/solr path=/select params={fl=*+score&start=0&q=(AngularJS+iit)&wt=json&fq=django_ct:(SimplerApp.intern)&rows=20} hits=223 status=0 QTime=11 
26083245 INFO  (qtp2059114181-17) [   x:fastnext] o.a.s.c.S.Request [fastnext] webapp=/solr path=/select params={start=0&q=AngularJS+iit&wt=json&rows=500} hits=223 status=0 QTime=11 
26135012 INFO  (qtp2059114181-15) [   x:fastnext] o.a.s.c.S.Request [fastnext] webapp=/solr path=/select params={start=0&q=AngularJS+iit&wt=json&rows=500} hits=223 status=0 QTime=4 
26528006 INFO  (qtp2059114181-17) [   x:fastnext] o.a.s.c.S.Request [fastnext] webapp=/solr path=/select params={fl=*+score&start=0&q=(AngularJS+iitm)&wt=json&fq=django_ct:(SimplerApp.intern)&rows=20} hits=3 status=0 QTime=12 
28560423 INFO  (qtp2059114181-15) [   x:fastnext] o.a.s.c.S.Request [fastnext] webapp=/solr path=/select params={fl=*+score&start=0&q=(AngularJS+iit)&wt=json&fq=django_ct:(SimplerApp.intern)&rows=20} hits=223 status=0 QTime=1 
28560899 INFO  (qtp2059114181-13) [   x:fastnext] o.a.s.c.S.Request [fastnext] webapp=/solr path=/select params={fl=*+score&start=0&q=(AngularJS+iitd)&wt=json&fq=django_ct:(SimplerApp.intern)&rows=20} hits=1 status=0 QTime=5 
28564489 INFO  (qtp2059114181-15) [   x:fastnext] o.a.s.c.S.Request [fastnext] webapp=/solr path=/select params={start=0&q=AngularJS+iitd&wt=json&rows=500} hits=1 status=0 QTime=3 
29256273 INFO  (qtp2059114181-16) [   x:fastnext] o.a.s.c.S.Request [fastnext] webapp=/solr path=/select params={fl=*+score&start=0&q=(h)&wt=json&fq=django_ct:(SimplerApp.intern)&rows=20} hits=2274 status=0 QTime=0 
29256283 INFO  (qtp2059114181-12) [   x:fastnext] o.a.s.c.S.Request [fastnext] webapp=/solr path=/select params={fl=*+score&start=0&q=(h)&wt=json&fq=django_ct:(SimplerApp.intern)&rows=20} hits=2274 status=0 QTime=0 
29256335 INFO  (qtp2059114181-19) [   x:fastnext] o.a.s.c.S.Request [fastnext] webapp=/solr path=/select params={fl=*+score&start=0&q=(ht)&wt=json&fq=django_ct:(SimplerApp.intern)&rows=20} hits=234 status=0 QTime=0 
29256608 INFO  (qtp2059114181-18) [   x:fastnext] o.a.s.c.S.Request [fastnext] webapp=/solr path=/select params={fl=*+score&start=0&q=(htm)&wt=json&fq=django_ct:(SimplerApp.intern)&rows=20} hits=51 status=0 QTime=0 
29256839 INFO  (qtp2059114181-17) [   x:fastnext] o.a.s.c.S.Request [fastnext] webapp=/solr path=/select params={fl=*+score&start=0&q=(html)&wt=json&fq=django_ct:(SimplerApp.intern)&rows=20} hits=32792 status=0 QTime=0 
29258817 INFO  (qtp2059114181-15) [   x:fastnext] o.a.s.c.S.Request [fastnext] webapp=/solr path=/select params={fl=*+score&start=0&q=(htm)&wt=json&fq=django_ct:(SimplerApp.intern)&rows=20} hits=51 status=0 QTime=0 
29259003 INFO  (qtp2059114181-13) [   x:fastnext] o.a.s.c.S.Request [fastnext] webapp=/solr path=/select params={fl=*+score&start=0&q=(ht)&wt=json&fq=django_ct:(SimplerApp.intern)&rows=20} hits=234 status=0 QTime=0 
29259165 INFO  (qtp2059114181-14) [   x:fastnext] o.a.s.c.S.Request [fastnext] webapp=/solr path=/select params={fl=*+score&start=0&q=(h)&wt=json&fq=django_ct:(SimplerApp.intern)&rows=20} hits=2274 status=0 QTime=0 
29259175 INFO  (qtp2059114181-16) [   x:fastnext] o.a.s.c.S.Request [fastnext] webapp=/solr path=/select params={fl=*+score&start=0&q=(h)&wt=json&fq=django_ct:(SimplerApp.intern)&rows=20} hits=2274 status=0 QTime=0 
29260232 INFO  (qtp2059114181-12) [   x:fastnext] o.a.s.c.S.Request [fastnext] webapp=/solr path=/select params={fl=*+score&start=0&q=(m)&wt=json&fq=django_ct:(SimplerApp.intern)&rows=20} hits=13290 status=0 QTime=20 
29261007 INFO  (qtp2059114181-19) [   x:fastnext] o.a.s.c.S.Request [fastnext] webapp=/solr path=/select params={fl=*+score&start=0&q=(mb)&wt=json&fq=django_ct:(SimplerApp.intern)&rows=20} hits=210 status=0 QTime=34 
29261188 INFO  (qtp2059114181-18) [   x:fastnext] o.a.s.c.S.Request [fastnext] webapp=/solr path=/select params={fl=*+score&start=0&q=(mbs)&wt=json&fq=django_ct:(SimplerApp.intern)&rows=20} hits=138 status=0 QTime=2 
29262387 INFO  (qtp2059114181-15) [   x:fastnext] o.a.s.c.S.Request [fastnext] webapp=/solr path=/select params={fl=*+score&start=0&q=(mb)&wt=json&fq=django_ct:(SimplerApp.intern)&rows=20} hits=210 status=0 QTime=0 
29263150 INFO  (qtp2059114181-13) [   x:fastnext] o.a.s.c.S.Request [fastnext] webapp=/solr path=/select params={fl=*+score&start=0&q=(mbb)&wt=json&fq=django_ct:(SimplerApp.intern)&rows=20} hits=242 status=0 QTime=4 
29263546 INFO  (qtp2059114181-14) [   x:fastnext] o.a.s.c.S.Request [fastnext] webapp=/solr path=/select params={fl=*+score&start=0&q=(mbbs)&wt=json&fq=django_ct:(SimplerApp.intern)&rows=20} hits=242 status=0 QTime=0 
29383058 INFO  (qtp2059114181-13) [   x:fastnext] o.a.s.c.S.Request [fastnext] webapp=/solr path=/select params={fl=*+score&start=0&q=(AngularJS+iit)&wt=json&fq=django_ct:(SimplerApp.intern)&rows=20} hits=223 status=0 QTime=0 
29393657 INFO  (qtp2059114181-16) [   x:fastnext] o.a.s.c.S.Request [fastnext] webapp=/solr path=/select params={start=0&q=AngularJS+iit&wt=json&rows=500} hits=223 status=0 QTime=15 
29414337 INFO  (qtp2059114181-12) [   x:fastnext] o.a.s.c.S.Request [fastnext] webapp=/solr path=/select params={start=0&q=AngularJS+iit&wt=json&rows=500} hits=223 status=0 QTime=4 
29990018 INFO  (qtp2059114181-12) [   x:fastnext] o.a.s.c.S.Request [fastnext] webapp=/solr path=/select params={fl=*+score&start=0&q=(m)&wt=json&fq=django_ct:(SimplerApp.intern)&rows=20} hits=13290 status=0 QTime=2 
29990453 INFO  (qtp2059114181-19) [   x:fastnext] o.a.s.c.S.Request [fastnext] webapp=/solr path=/select params={fl=*+score&start=0&q=(mb)&wt=json&fq=django_ct:(SimplerApp.intern)&rows=20} hits=210 status=0 QTime=0 
29990839 INFO  (qtp2059114181-18) [   x:fastnext] o.a.s.c.S.Request [fastnext] webapp=/solr path=/select params={fl=*+score&start=0&q=(mbb)&wt=json&fq=django_ct:(SimplerApp.intern)&rows=20} hits=242 status=0 QTime=0 
29990900 INFO  (qtp2059114181-17) [   x:fastnext] o.a.s.c.S.Request [fastnext] webapp=/solr path=/select params={fl=*+score&start=0&q=(mbbs)&wt=json&fq=django_ct:(SimplerApp.intern)&rows=20} hits=242 status=0 QTime=0 
WARNING: Nothing to start, exiting ...

Usage: java -jar start.jar [options] [properties] [configs]
       java -jar start.jar --help  # for more information
30214298 INFO  (qtp2059114181-16) [   x:fastnext] o.a.s.c.S.Request [fastnext] webapp=/solr path=/select params={fl=*+score&start=0&q=(m)&wt=json&fq=django_ct:(SimplerApp.intern)&rows=20} hits=13290 status=0 QTime=0 
30214514 INFO  (qtp2059114181-12) [   x:fastnext] o.a.s.c.S.Request [fastnext] webapp=/solr path=/select params={fl=*+score&start=0&q=(mb)&wt=json&fq=django_ct:(SimplerApp.intern)&rows=20} hits=210 status=0 QTime=0 
30214657 INFO  (qtp2059114181-19) [   x:fastnext] o.a.s.c.S.Request [fastnext] webapp=/solr path=/select params={fl=*+score&start=0&q=(mbb)&wt=json&fq=django_ct:(SimplerApp.intern)&rows=20} hits=242 status=0 QTime=0 
30214794 INFO  (qtp2059114181-18) [   x:fastnext] o.a.s.c.S.Request [fastnext] webapp=/solr path=/select params={fl=*+score&start=0&q=(mbbs)&wt=json&fq=django_ct:(SimplerApp.intern)&rows=20} hits=242 status=0 QTime=0 
30307633 INFO  (qtp2059114181-12) [   x:fastnext] o.a.s.c.S.Request [fastnext] webapp=/solr path=/select params={fl=*+score&start=0&q=(m)&wt=json&fq=django_ct:(SimplerApp.intern)&rows=20} hits=13290 status=0 QTime=2 
30307951 INFO  (qtp2059114181-19) [   x:fastnext] o.a.s.c.S.Request [fastnext] webapp=/solr path=/select params={fl=*+score&start=0&q=(mb)&wt=json&fq=django_ct:(SimplerApp.intern)&rows=20} hits=210 status=0 QTime=2 
30308099 INFO  (qtp2059114181-18) [   x:fastnext] o.a.s.c.S.Request [fastnext] webapp=/solr path=/select params={fl=*+score&start=0&q=(mbb)&wt=json&fq=django_ct:(SimplerApp.intern)&rows=20} hits=242 status=0 QTime=2 
30308186 INFO  (qtp2059114181-17) [   x:fastnext] o.a.s.c.S.Request [fastnext] webapp=/solr path=/select params={fl=*+score&start=0&q=(mbbs)&wt=json&fq=django_ct:(SimplerApp.intern)&rows=20} hits=242 status=0 QTime=1 
30488969 INFO  (Thread-0) [   ] o.e.j.s.ServerConnector Stopped ServerConnector@1314421d{HTTP/1.1}{0.0.0.0:8983}
30488969 INFO  (Thread-0) [   ] o.a.s.c.CoreContainer Shutting down CoreContainer instance=1674339648
30488969 INFO  (Thread-0) [   x:fastnext] o.a.s.c.SolrCore [fastnext]  CLOSING SolrCore org.apache.solr.core.SolrCore@5fda5157
30488970 INFO  (Thread-0) [   x:fastnext] o.a.s.u.DirectUpdateHandler2 closing DirectUpdateHandler2{commits=0,autocommit maxTime=15000ms,autocommits=0,soft autocommits=0,optimizes=0,rollbacks=0,expungeDeletes=0,docsPending=0,adds=0,deletesById=0,deletesByQuery=0,errors=0,cumulative_adds=0,cumulative_deletesById=0,cumulative_deletesByQuery=0,cumulative_errors=0,transaction_logs_total_size=3049924,transaction_logs_total_number=1}
30488970 INFO  (Thread-0) [   x:fastnext] o.a.s.u.SolrCoreState Closing SolrCoreState
30488970 INFO  (Thread-0) [   x:fastnext] o.a.s.u.DefaultSolrCoreState SolrCoreState ref count has reached 0 - closing IndexWriter
30488970 INFO  (Thread-0) [   x:fastnext] o.a.s.u.DefaultSolrCoreState closing IndexWriter with IndexWriterCloser
30488984 INFO  (Thread-0) [   x:fastnext] o.a.s.c.SolrCore [fastnext] Closing main searcher on request.
30488997 INFO  (Thread-0) [   x:fastnext] o.a.s.c.CachingDirectoryFactory Closing NRTCachingDirectoryFactory - 2 directories currently being tracked
30488997 INFO  (Thread-0) [   x:fastnext] o.a.s.c.CachingDirectoryFactory looking to close /home/ubuntu/quablsource/solr-5.4.0/server/solr/fastnext/data/index [CachedDir<<refCount=0;path=/home/ubuntu/quablsource/solr-5.4.0/server/solr/fastnext/data/index;done=false>>]
30488997 INFO  (Thread-0) [   x:fastnext] o.a.s.c.CachingDirectoryFactory Closing directory: /home/ubuntu/quablsource/solr-5.4.0/server/solr/fastnext/data/index
30488997 INFO  (Thread-0) [   x:fastnext] o.a.s.c.CachingDirectoryFactory looking to close /home/ubuntu/quablsource/solr-5.4.0/server/solr/fastnext/data [CachedDir<<refCount=0;path=/home/ubuntu/quablsource/solr-5.4.0/server/solr/fastnext/data;done=false>>]
30488997 INFO  (Thread-0) [   x:fastnext] o.a.s.c.CachingDirectoryFactory Closing directory: /home/ubuntu/quablsource/solr-5.4.0/server/solr/fastnext/data
30489000 INFO  (Thread-0) [   x:fastnext] o.e.j.s.h.ContextHandler Stopped o.e.j.w.WebAppContext@320cc97f{/solr,file:/home/ubuntu/quablsource/solr-5.4.0/server/solr-webapp/webapp/,UNAVAILABLE}{/home/ubuntu/quablsource/solr-5.4.0/server/solr-webapp/webapp}
